[   0.00000] italizg group subsyspuet
  0.0000]Intiizincgoup bss cp
[   0.0000]Initliing rop suyscpuat
[  .000000Liux vsin 4.4.0-135-generic (buildd@lcy01-amd64-020) (gcc version 5.4.0 20160609 (Ubuntu 5.4.0-6ubunt~1.04.10) #161-Ubuu SMP Mon Aug 27 10:45:01 UTC 2018 (Ubuntu 4.4.0-135.161-generic 4.4.140)
[    0.000000] Command line: BOOTMAGE=/bot/vmluz4.4.0-135-generic root=LABEL=cloudimg-rootfs ro conoltty1coole=yS
[    0.000000] KERNEL supported cpus:
[    0.000000]   Intel GenuineIntel
[    0.000000]   AMD AuthenticAMD
[    0.000000]   Centaur CentaurHauls
[    0.000000] x86/fpu: xstate_offset[2]:  576, xstate_sizes[2]:  256
[    0.000000] x86/fpu: Supporting XSAVE feature 0x01: 'x87 floating point registers'
[    0.000000] x86/fpu: Supporting XSAVE feature 0x02: 'SSE registers'
[    0.000000] x86/fpu: Supporting XSAVE feature 0x04: 'AVX registers'
[    0.000000] x86/fpu: Enabled xstate features 0x7, context size is 832 bytes, using 'standard' format.
[    0.000000] e820: BIOS-provided physical RAM map:
[   .0000] IOS-e820: [mem 0x0000000000000-x000000009fb] sabl
[   0.0000]BI-e20: [m x00000000c00x000000009ff] rserv
    0.00000 BIOS-e820: [mem 0x0000000f000-00000000fffff]esrved[    00000] BS-820: [mem 0x0000000000100-0x00003ffeff usab
    00000]IO-e82 [em 0x0000003ff0000-0x000003fffffff] ACPI data
[    0.000000]IOS-20 [memx00000000fec00000-0x00000000fec00fff] reserved
[    0.000000] BIOS-e820: [mem 0000000e0000-000000ee0fff] serv
   0.000] BI-e20: em0x00000fffc000x00000ffffff resve
[  0000000] NX (Execute Disable) precion:ctve
[  00000] MBIOS 5 present.
[    0.000000] Hypervisor detected: KVM
[    0.000000] e820: last_pfn = 0x3fff0 max_arch_pfn = 0x000000
  0.00000 MTRR Dabed
[  0000000] x86/PAT: MTRRs disabled, skipping PAT initialization too.
[  0000000] CPU MTRRs all blank - rtaliz stem.    00000]86PAT:onfiguration [-7]:B WT  - C  W    UC-C  
[   00000] un SMPP-able at [mem 0x0009fff0-0x0009ffff] mapped at fff88000009fff0]
[    0.000000] Scannin1 area f lw moy coruption
[    0.000000] RAMDISK: [me0x36a00-0x3717cfff]
[    0.000000] ACPI: Early table checksum verification disabled
[    0.000000] ACPI: RSDP 0x00000000000E0000 000024 (v02 VBOX  )
[  0.00000] ACP: SDT 000000FF0030 003 (v0VBX   VBOXXSDT 00001 L 0000006
   0.000] AC: ACP 0000000FF0F0 0000F4 (v04 VBOX   VBOXFACP 00000001 ASL  00000061)
[  0.000000] ACPI: DSDT 0x000000003FFF0470 0021FF (v02 VBOX   VBOXBIOS 00000002 INTL 100528)
[    0.000000] ACPI: FACS 0x000000003FFF0200 000040
[    0.000000] ACPI: FACS 0x000000003FF020 00040
[   .000000] ACPI: APIC 0x000000003FFF0240 00005C (v02 BO  VBOXIC00000ASL 000061)
[  000000 API: ST x000000003FFF02A0 0001CC (v01 VBOX   VOXUT 00002 INT200528
[   0.000] No NU cnfiguraiofond
  0.0000] Faking a node at [mem 0x0000000000000000-0x000000003ffeffff]
[    0.000000] NODE_DATA(0) allocated [mem 0x3ffeb000-0x3ffeffff]
[    0.000000] kvm-clock: Using msrs 4b564d01 and 4b564d00
[    0.000000] kvm-clockcpu 0, msr 0:3ffe3001, primary cpclock
[    0.000000] kvm-clock: using sched offset of 0358310 cls
[  .000000] clocksoce kvmclk: ma: xffffffffffffffff max_cle: 0x1d44dffb,axidles: 81590143 ns[   .00000Zoe raes
[   0.0000]  MA    mem 0x0000000001000-0x0000000000ffffff]
[  0.000000]   DMA32    [mem 0x0000000001000000-0x0000003ffff]
[  00000   Norl  emp
   00000  evice ept
   0.000] Mobl zonstrt fr each node
[    0.000000] Early memory node ranges
[    0.000000]   node   0: [mem 0x0000000000001000-0x000000000009efff]
[    0.000000]   node   0: [mem 0x0000000000100000-0x000000003ffeffff]
[    0.000000] Initmem setup node 0 [mem 0x0000000000001000-0x000000003ffeffff]
[    0.000000] ACPI: PM-Timer IO Port: 0x4008
[    0.000000] IOAPIC[0]: apic_id 2, version 32, address 0xfec00000, GSI 0-23
[    0.000000] ACPI: INT_SRC_OVR (bus 0 bus_irq 0 global_irq 2 dfl dfl)
[    0.000000] ACPI: INT_SRC_OVR (bus 0 bus_irq 9 global_irq 9 low level)
[    0.000000] Using ACPI (MADT) for SMP configuration information
[    0.000000] smpboot: Allowing 2 CPUs, 0 hotplug CPUs
[    0.000000] PM: Registered nosae mory:[m 000000-x00000fff]
[  0000000] PM: Registered nosave memory: [mem 0x0009f000-0x0009ffff]
[    0.000000] PM: Registered nosave memory: [mem 0x000a0000-000effff]
[    0.000000] PM: Registered nosave memory: [mem 0x000f0000-0x000fffff]
[    0.000000] e820[mem 0x40000000-0xfebfffff] available for PCI devices
[    0.000000] Booting paravirtualized kernel on KVM
[    0.000000] clocksource: refined-jiffies: mask: 0xffffffff max_cycles: 0xffffffff, max_idle_ns: 7645519600211568 ns
[  00000] etup_rcu: _CUS:5 n_cpask_bits:512 nr_cpu_ids:2 nr_node_ids:1
[    0.000000] PERCPU: Embedded 34 pages/cpu @ffff88003fc00000 s99544 r819 d318 10486
[  .00000PV qinockas tablenties25 (orr:0, 496ytes)[    00000] il 1 zoniss inode ord, mobility grouping on.  Total pages: 257912
[   .000000] Poliy one: D32
[  0.0000 Krnelomand ne BOOT_IMAGE=/boot/vmlinuz-4.4.0-135-generic root=LABEL=cloudimg-rootfs ro console=tty1 console=ttyS0
[   00000 PD ha table enie: 4096 (order: 3, 32768 bytes)
[  00000] emory99720K04120K available (8554K kernel code, 1314K rwdata, 4004K rodata, 15K nit, 16K bss, 50400K reservd, 0K cma-served
[    0.000000] SLUB:HWaln=4, Orer-3, nOjects=0, CPUs=2, Nodes=1
[  00000]erne/Ur pa tble isolaion:enled
  0.0000]Hierchcal U mplenttion
[   0.000] 	Bldtimadustment of leaf fanout to4.
[    0.000000] 	R rtricngCPUs from NR_CPUS=512 to nr_cpu_ids=2.[    00000] RCU: Adjusting geometry for rcu_fanout_leaf=64, nr_cpu_ids=2
   .000000] NR_IRQS:33024nr_irqs:440 16
[   0.0000]Conso: olouVG+ 80x25
[  0000000] console ty] enabled
[  0000000] console [ttyS0]enle
[    0.000000] tsc: Detected 1991.997 MHz processor
[   14.138728] Calibrating delay loop (skipped) preset value.. 3983.99 BogoMIPS (lpj=7967988)
[   14.242136] pid_max: default: 32768 minimum: 301
[   14.293659] ACPI: Core revision 20150930
[   14.346573] ACPI: 2 ACPI AML tables successfully acquired and loaded
[   14.382974] Security Framework initialized
[   14.420961] Yama: becoming mindful.
[   14.422361] AppArmor: AppArmor initialized
[   14.424169] Dentry cache hash table entries: 131072 (order: 8, 1048576 bytes)
[   14.430046] Inode-cache hash table entries: 65536 (order: 7, 524288 bytes)
[   14.438119] Mount-cache hash table entries: 2048 (order: 2, 16384 bytes)
[   14.441976] Mountpoint-cache hash table entries: 2048 (order: 2, 16384 bytes)
[   14.496776] Initializing cgroup subsys io
[   14.580850] Initializing cgroup subsys memory
[   14.616343] Initializing cgroup subsys devices
[   14.657822] Initializing cgroup subsys freezer
[   14.775444] Initializing cgroup subsys net_cls
[   14.883789] Initializing cgroup subsys perf_event
[   14.971301] Initializing cgroup subsys net_prio
[   15.070268] Initializing cgroup subsys hugetlb
[   15.113124] Initializing cgroup subsys pids
[   15.145917] mce: CPU supports 0 MCE banks
[   15.248030] Last level iTLB entries: 4KB 64, 2MB 8, 4MB 8
[   15.329715] Last level dTLB entries: 4KB 64, 2MB 0, 4MB 0, 1GB 4
[   15.379900] Spectre V2 : Mitigation: Full generic retpoline
[   15.422325] Spectre V2 : Speculation control IBPB not-supported IBRS not-supported
[   15.430177] Spectre V2 : Filling RSB on context switch
[   15.439983] Speculative Store Bypass: Vulnerable
[   15.447002] Freeing SMP alternatives memory: 32K
[   15.460975] ftrace: allocating 32266 entries in 127 pages
[   15.555339] smpboot: APIC(0) Converting physical 0 to logical package 0
[   15.715237] smpboot: Max logical packages: 1
[   15.795537] x2apic enabled
[   15.838418] Switched APIC routing to physical x2apic.
[   15.889786] ..TIMER: vector=0x30 apic1=0 pin1=2 apic2=-1 pin2=-1
[ 16.049307] smpboot: CPU0: Intel(R) Core(TM) i7-8550U CPU @ 1.80GHz (family: 0x6, model: 0x8e, stepping: 0xa)
[   16.325979] Performance Events: unsupported p6 CPU model 142 no PMU driver, software events only.
[   16.447742] KVM setup paravirtual spinlock
[   16.492586] x86: Booting SMP configuration:
[   16.570017] .... node  #0, CPUs:      #1
[   16.594782] kvm-clock: cpu 1, msr 0:3ffe3041, secondary cpu clock
[   16.611799] mce: CPU supports 0 MCE banks
[   16.619955] x86: Booted up 1 node, 2 CPUs
[   16.643578] smpboot: Total of 2 processors activated (7967.98 BogoMIPS)
[   16.731158] devtmpfs: initialized
[   16.771641] evm: security.selinux
[   16.848705] evm: security.SMACK64
[   16.944328] evm: security.SMACK64EXEC
[   17.050687] evm: security.SMACK64TRANSMUTE
[   17.142527] evm: security.SMACK64MMAP
[   17.220522] evm: security.ima
[   17.297709] evm: security.capability
[   17.357731] clocksource: jiffies: mask: 0xffffffff max_cycles: 0xffffffff, max_idle_ns: 7645041785100000 ns
[   17.607946] futex hash table entries: 512 (order: 3, 32768 bytes)
[   17.673764] pinctrl core: initialized pinctrl subsystem
[   17.811330] RTC time:  4:28:52, date: 10/04/18
[   17.921832] NET: Registered protocol family 16
[   18.063284] cpuidle: using governor ladder
[   18.170663] cpuidle: using governor menu
[   18.261768] PCCT header not found.
[   18.294043] ACPI: bus type PCI registered
[   18.373824] acpiphp: ACPI Hot Plug PCI Controller Driver version: 0.5
[   18.532170] PCI: Using configuration type 1 for base access
[   18.725959] ACPI: Added _OSI(Module Device)
[   18.729744] ACPI: Added _OSI(Processor Device)
[   18.731609] ACPI: Added _OSI(3.0 _SCP Extensions)
[   18.840402] ACPI: Added _OSI(Processor Aggregator Device)
[   19.006958] ACPI: Executed 1 blocks of module-level executable AML code
[   19.212322] ACPI: Interpreter enabled
[   19.304837] ACPI: (supports S0 S5)
[   19.397624] ACPI: Using IOAPIC for interrupt routing
[   19.555061] PCI: Using host bridge windows from ACPI; if necessary, use "pci=nocrs" and report a bug
[   19.804608] ACPI: PCI Root Bridge [PCI0] (domain 0000 [bus 00-ff])
[   19.894220] acpi PNP0A03:00: _OSC: OS supports [ASPM ClockPM Segments MSI]
[   20.073885] acpi PNP0A03:00: _OSC: not requesting OS control; OS requires [ExtendedConfig ASPM ClockPM MSI]
[   20.342595] acpi PNP0A03:00: fail to add MMCONFIG information, can't access extended PCI configuration space under this bridge.
[   20.511499] PCI host bridge to bus 0000:00
[   20.545078] pci_bus 0000:00: root bus resource [io  0x0000-0x0cf7 window]
[   20.706259] pci_bus 0000:00: root bus resource [io  0x0d00-0xffff window]
[   20.841052] pci_bus 0000:00: root bus resource [mem 0x000a0000-0x000bffff window]
[   20.885351] pci_bus 0000:00: root bus resource [mem 0x40000000-0xfdffffff window]
[   20.983747] pci_bus 0000:00: root bus resource [bus 00-ff]
[   21.074527] pci 0000:00:01.1: legacy IDE quirk: reg 0x10: [io  0x01f0-0x01f7]
[   21.216712] pci00000:00:01.1: legacy IDE quirk: reg 0x14: [io  0x03f6]
[   21.296117] pci 0000:00:01.1: legacy IDE quirk: reg 0x18: [io  0x0170-0x0177]
[   21.298293] pci 0000:00:01.1: legacy IDE quirk: reg 0x1c: [io  0x0376]
[   21.318924] pci 0000:00:07.0: quirk: [io  0x4000-0x403f] claimed by PIIX4 ACPI
[   21.516161] pci 0000:00:07.0: quirk: [io  0x4100-0x410f] claimed by PIIX4 SMB
[   21.696200] ACPI: PCI Interrupt Link [LNKA] (IRQs 5 9 10 *11)
[   21.849102] ACPI: PCI Interrupt Link [LNKB] (IRQs 5 9 *10 11)
[   21.914829] ACPI: PCI Interrupt Link [LNKC] (IRQs 5 *9 10 11)
[   21.919045] ACPI: PCI Interrupt Link [LNKD] (IRQs 5 9 10 *11)
[   21.979854] ACPI: Enabled 2 GPEs in block 00 to 07
[   21.999313] vgaarb: setting as boot device: PCI:0000:00:02.0
[   22.008774] vgaarb: device added: PCI:0000:00:02.0,decodes=io+mem,owns=io+mem,locks=none
[   22.021836] vgaarb: loaded
[   22.057908] vgaarb: bridge control possible 0000:00:02.0
[   22.140746] SCSI subsystem initialized
[   22.210406] ACPI: bus type USB registered
[   22.245684] usbcore: registered new interface driver usbfs
[   22.266408] usbcore: registered new interface driver hub
[   22.318644] usbcore: registered new device driver usb
[   22.378024] PCI: Using ACPI for IRQ routing
[   22.439238] NetLabel: Initializing
[   22.476543] NetLabel:  domain hash size = 128
[   22.534988] NetLabel:  protocols = UNLABELED CIPSOv4
[   22.602385] NetLabel:  unlabeled traffic allowed by default
[   22.712637] amd_nb: Cannot enumerate AMD northbridges
[   22.779681] clocksource: Switched to clocksource kvm-clock
[   .800 AArr: Aprm FesteEnle
[ 2348688] pnp: PnP ACPI init
[   23.615826] pnp: PnP ACPI: found 3 devices
[   23.627594] clocsource: acpi_pm: mask: 0xffffff max_cycles: 0xffffff, max_ide_: 851024s  3.96] T: Registered protocol family 2

[   24.197137] TCP established hash table entries: 8192 (order: 4, 65536 bytes)
[   24.208415] P bind hash table entries: 8192 (order: 5, 131072 bytes)
[   2.271206] TCP: Hash tables nfgured (established 8192 bind 8192)
[   24.404137] UDP hash table entries: 512 (order: 2, 16384 bytes)
[ 240560 U-Le hashabe trs:12orer2,6384yte
[ 25258176] NET: Registered protocol family 1
[   25.356674] pci 0000:00:00.0: Limiting direct PCI/PCI transfers
[   25.358827] pci 0000:00:01.0: Activating ISA DMA hang rkarounds
  5.2309Unckng iniams.
[   26.080590] Freeing initrd memory: 14796K
[   26.138203] platform rtc_cmos: registered platform RTC device (no PNP device found)
[   26.235195] Scanning for low memory corruption every 60 seconds
[   26.252498] audit: initializing netlink subsys (disabled)
[   26.254027] audit: type=2000 audit(1538627324.044:1): initialized
[   26.255879] Initialise system trusted keyring
[   26.257350] HugeTLB registered 2 MB page size, pre-allocated 0 pages
[   26.260173] zbud: loaded
[   26.285034] VFS: Disk quotas dquot_6.6.0
[   26.359806] VFS: Dquot-cache hash table entries: 512 (order 0, 4096 bytes)
[   26.396558] squashfs: version 4.0 (2009/01/31) Phillip Lougher
[   26.399236] fuse init (API version 7.23)
[   26.424657] Key type big_key registered
[   26.449411] Allocating IMA MOK and blacklist keyrings.
[   26.453938] Key type asymmetric registered
[   26.468676] Asymmetric key parser 'x509' registered
[   26.476874] Block layer SCSI generic (bsg) driver version 0.4 loaded (major 249)
[   26.479335] io scheduler noop registered
[   26.480634] io scheduler deadline registered (default)
[   26.505381] io scheduler cfq registered
[   26.508503] pci_hotplug: PCI Hot Plug PCI Core version: 0.5
[   26.535476] pciehp: PCI Express Hot Plug Controller Driver version: 0.4
[   26.563184] ACPI: AC Adapter [AC] (off-line)
[   26.571212] input: Power Button as /devices/LNXSYSTM:00/LNXPWRBN:00/input/input0
[   26.586094] ACPI: Power Button [PWRF]
[   26.587160] input: Sleep Button as /devices/LNXSYSTM:00/LNXSLPBN:00/input/input1
[   26.652061] ACPI: Sleep Button [SLPF]
[   26.673625] GHES: HEST is not enabled!
[   26.674471] ACPI: Battery Slot [BAT0] (battery present)
[   26.708952] Serial: 8250/16550 driver, 32 ports, IRQ sharing enabled
[   26.764421] 00:02: ttyS0 at I/O 0x3f8 (irq = 4, base_baud = 115200) is a 16550A
[   26.788721] Linux agpgart interface v0.103
[   26.810512] loop: module loaded
[   26.821884] scsi host0: ata_piix
[   26.863053] scsi host1: ata_piix
[   26.872812] ata1: PATA max UDMA/33 cmd 0x1f0 ctl 0x3f6 bmdma 0xd000 irq 14
[   26.929222] ata2: PATA max UDMA/33 cmd 0x170 ctl 0x376 bmdma 0xd008 irq 15
[   26.931544] libphy: Fixed MDIO Bus: probed
[   26.932745] tun: Universal TUN/TAP device driver, 1.6
[   26.934079] tun: (C) 1999-2004 Max Krasnyansky <maxk@qualcomm.com>
[   26.935971] PPP generic driver version 2.4.2
[   26.937479] ehci_hcd: USB 2.0 'Enhanced' Host Controller (EHCI) Driver
[   26.939223] ehci-pci: EHCI PCI platform driver
[   26.940598] ehci-platform: EHCI generic platform driver
[   26.948736] ohci_hcd: USB 1.1 'Open' Host Controller (OHCI) Driver
[   26.950032] ohci-pci: OHCI PCI platform driver
[   26.951071] ohci-platform: OHCI generic platform driver
[   26.952389] uhci_hcd: USB Universal Host Controller Interface driver
[   26.953798] i8042: PNP: PS/2 Controller [PNP0303:PS2K,PNP0f03:PS2M] at 0x60,0x64 irq 1,12
[   26.956276] serio: i8042 KBD port at 0x60,0x64 irq 1
[   26.957413] serio: i8042 AUX port at 0x60,0x64 irq 12
[   26.958684] mousedev: PS/2 mouse device common for all mice
[   26.960298] input: AT Translated Set 2 keyboard as /devices/platform/i8042/serio0/input/input2
[   27.010380] rtc_cmos rtc_cmos: rtc core: registered rtc_cmos as rtc0
[   27.061508] rtc_cmos rtc_cmos: alarms up to one day, 114 bytes nvram
[   27.127545] i2c /dev entries driver
[   27.136037] tsc: Refined TSC clocksource calibration: 1991.965 MHz
[   27.136039] clocksource: tsc: mask: 0xffffffffffffffff max_cycles: 0x396d0f93001, max_idle_ns: 881590628874 ns
[   27.382300] device-mapper: uevent: version 1.0.3
[ 27451741] deceaper: itl4..0iotl20-128iniase d-deledt.m
[   28.535428] ledtrig-cpu: registered to indicate activity on CPUs
[   28.603314] NET: Registered protocol family 10
[   28.605225] NET: Registered protocol family 17
[   28.628151] Key type dns_resolver registered
[   28.649626] registered taskstats version 1
[   28.650881] Loading compiled-in X.509 certificates
[   28.671596] Loaded X.509 cert 'Build time autogenerated kernel key: b7189ebc996fd79c52efc1226b6676b25e4f6a2d'
[   28.860693] zswap: loaded using pool lzo/zbud
[   28.880262] Key type trusted registered
[   28.973679] Key type encrypted registered
[   29.042615] AppArmor: AppArmor sha1 policy hashing enabled
[   29.139440] ima: No TPM chip found, activating TPM-bypass!
[   29.141233] ima: Allocated hash algorithm: sha1
[   29.152509] evm: HMAC attrs: 0x1
[   29.162143]   Magic number: 6:671:463
[   29.178685] rtc_cmos rtc_cmos: setting system clock to 2018-10-04 04:29:03 UTC (1538627343)
[   29.209293] BIOS EDD facility v0.16 2004-Jun-25, 0 devices found
[   29.210767] EDD information not available.
[   29.223917] Freeing unused kernel memory: 1516K
[   29.247957] Write protecting the kernel read-only data: 14336k
[   29.255889] Freeing unused kernel memory: 1672K
[   29.931843] Freeing unused kernel memory: 92K
Loading, please wait...
starting version 229
[   29.952791] random: systemd-udevd: uninitialized urandom read (16 bytes read, 7 bits of entropy available)
[   29.953256] random: udevadm: uninitialized urandom read (16 bytes read, 7 bits of entropy available)
[   29.953279] random: udevadm: uninitialized urandom read (16 bytes read, 7 bits of entropy available)
[   29.965148] random: udevadm: uninitialized urandom read (16 bytes read, 7 bits of entropy available)
[   29.965192] random: udevadm: uninitialized urandom read (16 bytes read, 7 bits of entropy available)
[   29.965366] random: udevadm: uninitialized urandom read (16 bytes read, 7 bits of entropy available)
[   29.965439] random: udevadm: uninitialized urandom read (16 bytes read, 7 bits of entropy available)
[   29.965491] random: udevadm: uninitialized urandom read (16 bytes read, 7 bits of entropy available)
[   29.965544] random: udevadm: uninitialized urandom read (16 bytes read, 7 bits of entropy available)
[   29.965592] random: udevadm: uninitialized urandom read (16 bytes read, 7 bits of entropy available)
[   30.230246] e1000: Intel(R) PRO/1000 Network Driver - version 7.3.21-k8-NAPI
[   30.247489] e1000: Copyright (c) 1999-2006 Intel Corporation.
[   30.253307] Fusion MPT base driver 3.04.20
[   30.256244] Copyright (c) 1999-2008 LSI Corporation
[   30.305184] Fusion MPT SPI Host driver 3.04.20
[   30.369805] AVX2 version of gcm_enc/dec engaged.
[   30.390297] AES CTR mode by8 optimization enabled
[   30.453468] input: ImExPS/2 Generic Explorer Mouse as /devices/platform/i8042/serio1/input/input4
[   30.810135] e1000 0000:00:03.0 eth0: (PCI:33MHz:32-bit) 02:fb:a8:4c:29:d0
[   30.828371] e1000 0000:00:03.0 eth0: Intel(R) PRO/1000 Network Connection
[   31.251358] e1000 0000:00:08.0 eth1: (PCI:33MHz:32-bit) 08:00:27:96:a6:43
[   31.308088] e1000 0000:00:08.0 eth1: Intel(R) PRO/1000 Network Connection
[   31.347290] mptbase: ioc0: Initiating bringup
[   31.347407] e1000 0000:00:03.0 enp0s3: renamed from eth0
[   31.408970] e1000 0000:00:08.0 enp0s8: renamed from eth1
[   31.516491] ioc0: LSI53C1030 A0: Capabilities={Initiator}
[   31.700101] scsi host2: ioc0: LSI53C1030 A0, FwRev=00000000h, Ports=1, MaxQ=256, IRQ=20
[   31.904874] scsi 2:0:0:0: Direct-Access     VBOX     HARDDISK         1.0  PQ: 0 ANSI: 5
[   31.930168] scsi target2:0:0: Beginning Domain Validation
[   31.942423] scsi target2:0:0: Domain Validation skipping write tests
[   31.971045] scsi target2:0:0: Ending Domain Validation
[   31.980288] scsi target2:0:0: asynchronous
[   32.019971] scsi 2:0:1:0: Direct-Access     VBOX     HARDDISK         1.0  PQ: 0 ANSI: 5
[   32.049217] scsi target2:0:1: Beginning Domain Validation
[   32.076876] scsi target2:0:1: Domain Validation skipping write tests
[   32.134412] scsi target2:0:1: Ending Domain Validation
[   32.143450] scsi target2:0:1: asynchronous
[   32.156240] sd 2:0:0:0: [sda] 20971520 512-byte logical blocks: (10.7 GB/10.0 GiB)
[   32.192223] sd 2:0:0:0: Attached scsi generic sg0 type 0
[   32.201232] sd 2:0:1:0: Attached scsi generic sg1 type 0
[   32.201639] sd 2:0:0:0: [sda] Write Protect is off
[   32.204059] sd 2:0:1:0: [sdb] 20480 512-byte logical blocks: (10.5 MB/10.0 MiB)
[   32.204196] sd 2:0:0:0: [sda] Incomplete mode parameter data
[   32.204198] sd 2:0:0:0: [sda] Assuming drive cache: write through
[   32.258533] sd 2:0:1:0: [sdb] Write Protect is off
[   32.260414] sd 2:0:1:0: [sdb] Incomplete mode parameter data
[   32.281010] sd 2:0:1:0: [sdb] Assuming drive cache: write through
[   32.285531]  sda: sda1
[   32.291271] sd 2:0:1:0: [sdb] Attached SCSI disk
[   32.318099] sd 2:0:0:0: [sda] Attached SCSI disk
Begin: Loading essential drivers ... [   33.938771] md: linear personality registered for level -1
[   33.944012] md: multipath personality registered for level -4
[   33.949595] md: raid0 personality registered for level 0
[   33.956966] md: raid1 personality registered for level 1
[   34.027754] raid6: sse2x1   gen()  5952 MB/s
[   34.096134] raid6: sse2x1   xor()  4724 MB/s
[   34.164350] raid6: sse2x2   gen()  7242 MB/s
[   34.239977] raid6: sse2x2   xor()  4211 MB/s
[   34.307777] raid6: sse2x4   gen()  5569 MB/s
[   34.375754] raid6: sse2x4   xor()  4726 MB/s
[   34.447925] raid6: avx2x1   gen() 10173 MB/s
[   34.515766] raid6: avx2x2   gen() 12293 MB/s
[   34.583810] raid6: avx2x4   gen() 13982 MB/s
[   34.585495] raid6: using algorithm avx2x4 gen() 13982 MB/s
[   34.587297] raid6: using avx2x2 recovery algorithm
[   34.590973] xor: automatically using best checksumming function:
[   34.631874]    avx       : 15852.000 MB/sec
[   34.635054] async_tx: api initialized (async)
[   34.643291] md: raid6 personality registered for level 6
[   34.644789] md: raid5 personality registered for level 5
[   34.651197] md: raid4 personality registered for level 4
[   34.658604] md: raid10 personality registered for level 10
done.
Begin: Running /scripts/init-premount ... done.
Begin: Mounting root file system ... Begin: Running /scripts/local-top ... done.
Begin: Running /scripts/local-premount ... [   34.705514] Btrfs loaded
Scanning for Btrfs filesystems
done.
Warning: fsck not present, so skipping root file system
[   34.766065] EXT4-fs (sda1): mounted filesystem with ordered data mode. Opts: (null)
done.
Begin: Running /scripts/local-bottom ... done.
Begin: Running /scripts/init-bottom ... done.
[   35.277059] systemd[1]: systemd 229 running in system mode. (+PAM +AUDIT +SELINUX +IMA +APPARMOR +SMACK +SYSVINIT +UTMP +LIBCRYPTSETUP +GCRYPT +GNUTLS +ACL +XZ -LZ4 +SECCOMP +BLKID +ELFUTILS +KMOD -IDN)
[   35.283385] systemd[1]: Detected virtualization oracle.
[   35.285151] systemd[1]: Detected architecture x86-64.

Welcome to [1mUbuntu 16.04.5 LTS[0m!

[   35.342923] systemd[1]: Set hostname to <ubuntu>.
[   35.381855] systemd[1]: Initializing machine ID from random generator.
[   35.384604] systemd[1]: Installed transient /etc/machine-id file.
[   35.496294] random: nonblocking pool is initialized
[   35.873506] systemd[1]: Started Forward Password Requests to Wall Directory Watch.
[[0;32m  OK  [0m] Started Forward Password Requests to Wall Directory Watch.
[   35.879125] systemd[1]: Created slice User and Session Slice.
[[0;32m  OK  [0m] Created slice User and Session Slice.
[   35.882736] systemd[1]: Listening on Journal Socket (/dev/log).
[[0;32m  OK  [0m] Listening on Journal Socket (/dev/log).
[   35.886700] systemd[1]: Reached target User and Group Name Lookups.
[[0;32m  OK  [0m] Reached target User and Group Name Lookups.
[   35.891042] systemd[1]: Listening on LVM2 poll daemon socket.
[[0;32m  OK  [0m] Listening on LVM2 poll daemon socket.
[   35.897846] systemd[1]: Listening on udev Kernel Socket.
[[0;32m  OK  [0m] Listening on udev Kernel Socket.
[   35.901635] systemd[1]: Listening on udev Control Socket.
[[0;32m  OK  [0m] Listening on udev Control Socket.
[   35.932794] systemd[1]: Listening on LVM2 metadata daemon socket.
[[0;32m  OK  [0m] Listening on LVM2 metadata daemon socket.
[   35.936445] systemd[1]: Listening on Journal Socket.
[[0;32m  OK  [0m] Listening on Journal Socket.
[   35.945710] systemd[1]: Listening on /dev/initctl Compatibility Named Pipe.
[[0;32m  OK  [0m] Listening on /dev/initctl Compatibility Named Pipe.
[   35.970442] systemd[1]: Reached target System Time Synchronized.
[[0;32m  OK  [0m] Reached target System Time Synchronized.
[   35.979764] systemd[1]: Listening on Syslog Socket.
[[0;32m  OK  [0m] Listening on Syslog Socket.
[   35.984098] systemd[1]: Listening on Journal Audit Socket.
[[0;32m  OK  [0m] Listening on Journal Audit Socket.
[   35.989533] systemd[1]: Listening on Device-mapper event daemon FIFOs.
[[0;32m  OK  [0m] Listening on Device-mapper event daemon FIFOs.
[   35.996285] systemd[1]: Set up automount Arbitrary Executable File Formats File System Automount Point.
[[0;32m  OK  [0m] Set up automount Arbitrary Executab...ats File System Automount Point.
[   36.005351] systemd[1]: Created slice System Slice.
[[0;32m  OK  [0m] Created slice System Slice.
[   36.020377] systemd[1]: Starting Set console keymap...
         Starting Set console keymap...
[   36.025533] systemd[1]: Mounting Huge Pages File System...
         Mounting Huge Pages File System...
[   36.030604] systemd[1]: Starting Monitoring of LVM2 mirrors, snapshots etc. using dmeventd or progress polling...
         Starting Monitoring of LVM2 mirrors... dmeventd or progress polling...
[   36.092517] systemd[1]: Starting Load Kernel Modules...
         Starting Load Kernel Modules...
[   36.096863] systemd[1]: Starting Journal Service...
         Starting Journal Service...
[   36.105406] systemd[1]: Starting Uncomplicated firewall...
         Starting Uncomplicated firewall...
[   36.124803] systemd[1]: Starting Create list of required static device nodes for the current kernel...
         Starting Create list of required st... nodes for the current kernel...
[   36.131123] systemd[1]: Starting Nameserver information manager...
         Starting Nameserver information manager...
[   36.139122] systemd[1]: Mounting POSIX Message Queue File System...
         Mounting POSIX Message Queue File System...
[   36.153243] systemd[1]: Reached target Encrypted Volumes.
[[0;32m  OK  [0m] Reached target Encrypted Volumes.
[   36.157866] Loading iSCSI transport class v2.0-870.
[   36.172587] systemd[1]: Mounting Debug File System...
         Mounting Debug File System...
[   36.178826] systemd[1]: Reached target Swap.
[[0;32m  OK  [0m] Reached target Swap.
[   36.186560] systemd[1]: Created slice system-serial\x2dgetty.slice.
[[0;32m  OK  [0m] Created slice system-serial\x2dgetty.slice.
[   36.191461] systemd[1]: Starting Remount Root and Kernel File Systems...
         Starting Remount Root and Kernel File Systems...
[   36.201865] iscsi: registered transport (tcp)
[   36.206075] EXT4-fs (sda1): re-mounted. Opts: (null)
[   36.208271] systemd[1]: Reached target Slices.
[[0;32m  OK  [0m] Reached target Slices.
[   36.211538] systemd[1]: Started Trigger resolvconf update for networkd DNS.
[[0;32m  OK  [0m] Started Trigger resolvconf update for networkd DNS.
[   36.233000] systemd[1]: Mounted POSIX Message Queue File System.
[[0;32m  OK  [0m] Mounted POSIX Message Queue File System.
[   36.240147] systemd[1]: Mounted Debug File System.
[[0;32m  OK  [0m] Mounted Debug File System.
[   36.244195] systemd[1]: Mounted Huge Pages File System.
[[0;32m  OK  [0m] Mounted Huge Pages File System.
[   36.247636] systemd[1]: Started Journal Service.
[[0;32m  OK  [0m] Started Journal Service.
[[0;32m  OK  [0m] Started Set console keymap.
[[0;32m  OK  [0m] Started Uncomplicated firewall.
[[0;32m  OK  [0m] Started Create list of required sta...ce nodes for the current kernel.
[[0;32m  OK  [0m] Started Remount Root and Kernel File Systems.
[[0;32m  OK  [0m] Started Nameserver information manager.
[   36.274950] iscsi: registered transport (iser)
[[0;32m  OK  [0m] Started Load Kernel Modules.
         Mounting FUSE Control File System...
         Starting Apply Kernel Variables...
[[0;32m  OK  [0m] Started LVM2 metadata daemon.
         Starting udev Coldplug all Devices...
         Starting Load/Save Random Seed...
         Starting Create Static Device Nodes in /dev...
         Starting Flush Journal to Persistent Storage...
[[0;32m  OK  [0m] Mounted FUSE Control File System.
[[0;32m  OK  [0m] Started Load/Save Random Seed.
[[0;32m  OK  [0m] Started Apply Kernel Variables.
[[0;32m  OK  [0m] Started Flush Journal to Persistent Storage.
[[0;32m  OK  [0m] Started udev Coldplug all Devices.
[[0;32m  OK  [0m] Started Create Static Device Nodes in /dev.
[[0;32m  OK  [0m] Started Monitoring of LVM2 mirrors,...ng dmeventd or progress polling.
         Starting udev Kernel Device Manager...
[[0;32m  OK  [0m] Started udev Kernel Device Manager.
[[0;32m  OK  [0m] Started Dispatch Password Requests to Console Directory Watch.
[[0;32m  OK  [0m] Reached target Local File Systems (Pre).
[[0;32m  OK  [0m] Reached target Local File Systems.
         Starting Set console font and keymap...
         Starting Initial cloud-init job (pre-networking)...
         Starting LSB: AppArmor initialization...
         Starting Commit a transient machine-id on disk...
         Starting Tell Plymouth To Write Out Runtime Data...
         Starting Create Volatile Files and Directories...
[[0;32m  OK  [0m] Started Commit a transient machine-id on disk.
[[0;32m  OK  [0m] Started Tell Plymouth To Write Out Runtime Data.
[[0;32m  OK  [0m] Started Create Volatile Files and Directories.
         Starting Update UTMP about System Boot/Shutdown...
[[0;32m  OK  [0m] Started Update UTMP about System Boot/Shutdown.
[[0;32m  OK  [0m] Found device /dev/ttyS0.
[[0;32m  OK  [0m] Listening on Load/Save RF Kill Switch Status /dev/rfkill Watch.
[[0;32m  OK  [0m] Started Set console font and keymap.
[[0;32m  OK  [0m] Created slice system-getty.slice.
[[0;32m  OK  [0m] Started LSB: AppArmor initialization.
[   17.693518] cloud-init[477]: Cloud-init v. 18.3-9-g2e62cb8a-0ubuntu1~16.04.2 running 'init-local' at Thu, 04 Oct 2018 04:29:13 +0000. Up 17.18 seconds.
[[0;32m  OK  [0m] Started Initial cloud-init job (pre-networking).
[[0;32m  OK  [0m] Reached target Network (Pre).
         Starting Raise network interfaces...
[[0;32m  OK  [0m] Started Raise network interfaces.
[[0;32m  OK  [0m] Reached target Network.
         Starting Initial cloud-init job (metadata service crawler)...
[   20.514539] cloud-init[943]: Cloud-init v. 18.3-9-g2e62cb8a-0ubuntu1~16.04.2 running 'init' at Thu, 04 Oct 2018 04:29:15 +0000. Up 18.78 seconds.
[   20.628768] cloud-init[943]: ci-info: ++++++++++++++++++++++++++++++++++++++Net device info+++++++++++++++++++++++++++++++++++++++
[   20.629194] cloud-init[943]: ci-info: +--------+-------+----------------------------+---------------+--------+-------------------+
[[0;32m  OK  [0m] Started Initial cloud-init job (metadata service crawler).
[   20.629402] cloud-init[943]: ci-info: | Device |   Up  |          Address           |      Mask     | Scope  |     Hw-Address    |
[   21.021099] cloud-init[943]: ci-info: +--------+-------+----------------------------+---------------+--------+-------------------+
[   21.021527] cloud-init[943]: ci-info: | enp0s3 |  True |         10.0.2.15          | 255.255.255.0 | global | 02:fb:a8:4c:29:d0 |
[   21.021808] cloud-init[943]: ci-info: | enp0s3 |  True | fe80::fb:a8ff:fe4c:29d0/64 |       .       |  link  | 02:fb:a8:4c:29:d0 |
[   21.022153] cloud-init[943]: ci-info: | enp0s8 | False |             .              |       .       |   .    | 08:00:27:96:a6:43 |
[[0;32m  OK  [0m] Reached target Network is Online.
[   21.022441] cloud-init[943]: ci-info: |   lo   |  True |         127.0.0.1          |   255.0.0.0   |  host  |         .         |
[   21.664121] cloud-init[943]: ci-info: |   lo   |  True |          ::1/128           |       .       |  host  |         .         |
[   21.664737] cloud-init[943]: ci-info: +--------+-------+----------------------------+---------------+--------+-------------------+
         Starting iSCSI initiator daemon (iscsid)...
[[   21.664976] cloud-init[943]: ci-info: +++++++++++++++++++++++++++Route IPv4 info++++++++++++++++++++++++++++
[   21.997053] cloud-init[943]: ci-info: +-------+-------------+----------+---------------+-----------+-------+
[   21.997272] cloud-init[943]: ci-info: | Route | Destination | Gateway  |    Genmask    | Interface | Flags |
[   21.997539] cloud-init[943]: ci-info: +-------+-------------+----------+---------------+-----------+-------+
[   21.997850] cloud-init[943]: ci-info: |   0   |   0.0.0.0   | 10.0.2.2 |    0.0.0.0    |   enp0s3  |   UG  |
[   21.998088] cloud-init[943]: ci-info: |   1   |   10.0.2.0  | 0.0.0.0  | 255.255.255.0 |   enp0s3  |   U   |
[   21.998345] cloud-init[943]: ci-info: +-------+-------------+----------+---------------+-----------+-------+
[   21.998616] cloud-init[943]: ci-info: +++++++++++++++++++Route IPv6 info+++++++++++++++++++
[0;32m  OK  [0m] Reached target System Initialization.
[[   21.998849] cloud-init[943]: ci-info: +-------+-------------+---------+-----------+-------+
[   22.547833] cloud-init[943]: ci-info: | Route | Destination | Gateway | Interface | Flags |
[   22.548165] cloud-init[943]: ci-info: +-------+-------------+---------+-----------+-------+
[0;32m  OK  [0m] Started Daily apt download activities.
[[   22.548367] cloud-init[943]: ci-info: |   0   |  fe80::/64  |    ::   |   enp0s3  |   U   |
[   22.818163] cloud-init[943]: ci-info: |   3   |   ff00::/8  |    ::   |   enp0s3  |   U   |
[   22.818359] cloud-init[943]: ci-info: +-------+-------------+---------+-----------+-------+
[   22.818935] cloud-init[943]: Generating public/private rsa key pair.
[0;32m  OK  [0m] Listening on UUID daemon activation socket.
[   22.819230] cloud-init[943]: Your identification has been saved in /etc/ssh/ssh_host_rsa_key.
[   22.894748] cloud-init[943]: Your public key has been saved in /etc/ssh/ssh_host_rsa_key.pub.
[   22.895555] cloud-init[943]: The key fingerprint is:
         Starting LXD - unix socket.
[[   22.896978] cloud-init[943]: SHA256:1TVxtQ7cU+ohgkSOi4mqEfvP8h+LkT04LoxpH1wdJNM root@ubuntu-xenial
[   23.009451] cloud-init[943]: The key's randomart image is:
[   23.010498] cloud-init[943]: +---[RSA 2048]----+
[   23.011796] cloud-init[943]: |     o.oo     +.=|
[   23.012786] cloud-init[943]: |      +E . ....+o|
[0;32m  OK  [0m] Listening on D-Bus System Message Bus Socket.
[   23.012931] cloud-init[943]: |      ..o o ooo+ |
[   23.130503] cloud-init[943]: |   . o.... . oo..|
[   23.130931] cloud-init[943]: |. . o...S     .. |
[   23.131292] cloud-init[943]: | +. .+           |
[   23.131661] cloud-init[943]: |++ o= +          |
[   23.132105] cloud-init[943]: |+++o.+ +         |
[   23.132356] cloud-init[943]: |o o**.o          |
[[0;32m  OK  [0m] Listening on ACPID Listen Socket.
         [   23.132749] cloud-init[943]: +----[SHA256]-----+
[   23.482669] cloud-init[943]: Generating public/private dsa key pair.
[   23.482956] cloud-init[943]: Your identification has been saved in /etc/ssh/ssh_host_dsa_key.
Starting Socket activation for snappy daemon.
[   23.483280] cloud-init[943]: Your public key has been saved in /etc/ssh/ssh_host_dsa_key.pub.
[[   23.847893] cloud-init[943]: The key fingerprint is:
[   23.848467] cloud-init[943]: SHA256:qILElf4Tfsvw+M+G0ApGZzcB9AA7jHWPJdE9pqB6x+w root@ubuntu-xenial
[0;32m  OK  [0m] Started ACPI Events Check.
[[   23.848617] cloud-init[943]: The key's randomart image is:
[   24.013186] cloud-init[943]: +---[DSA 1024]----+
[   24.013272] cloud-init[943]: |   ooB+..        |
[   24.013439] cloud-init[943]: |  + +.Bo +       |
[   24.013612] cloud-init[943]: | . *...o+ .      |
[   24.013784] cloud-init[943]: |. oo.o =         |
[   24.013954] cloud-init[943]: | oo.=.+ S        |
[   24.014351] cloud-init[943]: |.o +o*..         |
[   24.014524] cloud-init[943]: |. + ==o..        |
[   24.014690] cloud-init[943]: |   . EB.o.       |
[   24.014852] cloud-init[943]: |     ..=oo       |
[   24.015027] cloud-init[943]: +----[SHA256]-----+
[   24.015182] cloud-init[943]: Generating public/private ecdsa key pair.
[   24.015353] cloud-init[943]: Your identification has been saved in /etc/ssh/ssh_host_ecdsa_key.
[   24.015522] cloud-init[943]: Your public key has been saved in /etc/ssh/ssh_host_ecdsa_key.pub.
[   24.015683] cloud-init[943]: The key fingerprint is:
[   24.015848] cloud-init[943]: SHA256:luVHKA4fDO8UxgQPIxEN7GvtxnVb/hXWHJkJagBtKKM root@ubuntu-xenial
[   24.016263] cloud-init[943]: The key's randomart image is:
[   24.016494] cloud-init[943]: +---[ECDSA 256]---+
[0;32m  OK  [0m] Reached target Paths.
[   24.016777] cloud-init[943]: |   .====B.   .   |
[   24.262793] cloud-init[943]: |    .+.X.+... . +|
[   24.263080] cloud-init[943]: |   .. + O oo.  = |
[[0;32m  OK  [0m] Started Daily Cleanup of Temporary Directories.
[   24.263352] cloud-init[943]: |   E.  * *..   .o|
[[0;32m  OK  [0m] Started Daily apt upgrade and clean activities.
[   24.296055] cloud-init[943]: |     o  S . .  oo|
[   24.315640] cloud-init[943]: |    o ... ... . .|
[   24.315862] cloud-init[943]: |   . o . . +    .|
[   24.316446] cloud-init[943]: |      +   . .  . |
[   24.316671] cloud-init[943]: |     .       ..  |
[   24.316989] cloud-init[943]: +----[SHA256]-----+
[   24.317272] cloud-init[943]: Generating public/private ed25519 key pair.
[   24.317847] cloud-init[943]: Your identification has been saved in /etc/ssh/ssh_host_ed25519_key.
[   24.318054] cloud-init[943]: Your public key has been saved in /etc/ssh/ssh_host_ed25519_key.pub.
[   24.318251] cloud-init[943]: The key fingerprint is:
[   24.318691] cloud-init[943]: SHA256:SZPuwoDtE3votWX+s23rJT7bAgNzlMfBsmmLMj8rCgw root@ubuntu-xenial
[   24.318899] cloud-init[943]: The key's randomart image is:
[   24.319178] cloud-init[943]: +--[ED25519 256]--+
[   24.319679] cloud-init[943]: |           +..   |
[[0;32m  OK  [0m] Reached target Timers.
[[   24.320187] cloud-init[943]: |         .+ +    |
[0;32m  OK  [0m] Reached target Cloud-config availability.
[   24.629986] cloud-init[943]: |        +. =     |
[   24.692765] cloud-init[943]: |   o   ooo=      |
[   24.693311] cloud-init[943]: |E . +   S* .     |
[[0;32m  OK  [0m] Listening on LXD - unix socket.
[[   24.693684] cloud-init[943]: | o . *o.. +      |
[   24.769827] cloud-init[943]: |  o = =++  o. .  |
[   24.770099] cloud-init[943]: |   o +.*o .o++   |
[0;32m  OK  [0m] Listening on Socket activation for snappy daemon.
[[   24.770322] cloud-init[943]: |    o...o+o=*=.  |
[   24.845001] cloud-init[943]: +----[SHA256]-----+
[0;32m  OK  [0m] Started iSCSI initiator daemon (iscsid).
         Starting Login to default iSCSI targets...
[[0;32m  OK  [0m] Reached target Sockets.
[[0;32m  OK  [0m] Reached target Basic System.
         Starting LSB: MD monitoring daemon...
[[0;32m  OK  [0m] Started FUSE filesystem for LXC.
         Starting Login Service...
[[0;32m  OK  [0m] Started Deferred execution scheduler.
         Starting Pollinate to seed the pseudo random number generator...
[[0;32m  OK  [0m] Started Regular background program processing daemon.
         Starting Accounts Service...
         Starting LSB: Record successful boot for GRUB...
         Starting Virtualbox guest utils...
[[0;32m  OK  [0m] Started Unattended Upgrades Shutdown.
[[0;32m  OK  [0m] Started D-Bus System Message Bus.
         Starting Snappy daemon...
[[0;32m  OK  [0m] Started ACPI event daemon.
         Starting /etc/rc.local Compatibility...
         Starting LXD - container startup/shutdown...
         Starting System Logging Service...
[[0;32m  OK  [0m] Started /etc/rc.local Compatibility.
[[0;32m  OK  [0m] Started Login Service.
[[0;32m  OK  [0m] Started LSB: Record successful boot for GRUB.
[[0;32m  OK  [0m] Started LSB: MD monitoring daemon.
[[0;32m  OK  [0m] Started Login to default iSCSI targets.
[[0;32m  OK  [0m] Started System Logging Service.
[[0;32m  OK  [0m] Reached target Remote File Systems (Pre).
[[0;32m  OK  [0m] Reached target Remote File Systems.
         Starting Permit User Sessions...
         Starting LSB: daemon to balance interrupts for SMP systems...
         Starting LSB: Set the CPU Frequency Scaling governor to "ondemand"...
         Starting LSB: automatic crash report generation...
         Starting Authenticate and Authorize Users to Run Privileged Tasks...
[[0;32m  OK  [0m] Started Virtualbox guest utils.
[[0;32m  OK  [0m] Started Permit User Sessions.
         Starting Hold until boot process finishes up...
         Starting Terminate Plymouth Boot Screen...
[[0;32m  OK  [0m] Started LSB: daemon to balance interrupts for SMP systems.
[[0;32m  OK  [0m] Started LSB: Set the CPU Frequency Scaling governor to "ondemand".
[[0;32m  OK  [0m] Started LSB: automatic crash report generation.
[[0;32m  OK  [0m] Started Hold until boot process finishes up.
[[0;32m  OK  [0m] Started Terminate Plymouth Boot Screen.
[[0;32m  OK  [0m] Started Authenticate and Authorize Users to Run Privileged Tasks.
[[0;32m  OK  [0m] Started Accounts Service.
         Starting Set console scheme...
[[0;32m  OK  [0m] Started Serial Getty on ttyS0.
[[0;32m  OK  [0m] Started Getty on tty1.
[[0;32m  OK  [0m] Reached target Login Prompts.
[[0;32m  OK  [0m] Started Set console scheme.
[[0;32m  OK  [0m] Started LXD - container startup/shutdown.
[[0;32m  OK  [0m] Started Pollinate to seed the pseudo random number generator.
         Starting OpenBSD Secure Shell server...
[[0;32m  OK  [0m] Started OpenBSD Secure Shell server.
[[0;32m  OK  [0m] Started Snappy daemon.
         Starting Wait until snapd is fully seeded...
[[0;32m  OK  [0m] Created slice User Slice of vagrant.
         Starting User Manager for UID 1000...
[[0;32m  OK  [0m] Started User Manager for UID 1000.
[[0;32m  OK  [0m] Started Session 1 of user vagrant.
[[0;32m  OK  [0m] Started Wait until snapd is fully seeded.
[[0;32m  OK  [0m] Reached target Multi-User System.
[[0;32m  OK  [0m] Reached target Graphical Interface.
         Starting Update UTMP about System Runlevel Changes...
         Starting Apply the settings specified in cloud-config...
[[0;32m  OK  [0m] Started Update UTMP about System Runlevel Changes.
[   31.530547] cloud-init[1396]: Generating locales (this might take a while)...

Ubuntu 16.04.5 LTS ubuntu-xenial ttyS0

ubuntu-xenial login: [   33.273049] cloud-init[1396]:   en_US.UTF-8... done
[   33.274450] cloud-init[1396]: Generation complete.
[   34.611177] cloud-init[1396]: Cloud-init v. 18.3-9-g2e62cb8a-0ubuntu1~16.04.2 running 'modules:config' at Thu, 04 Oct 2018 04:29:27 +0000. Up 31.24 seconds.
ci-info: no authorized ssh keys fingerprints found for user ubuntu.
<14>Oct  4 04:29:31 ec2: 
<14>Oct  4 04:29:31 ec2: #############################################################
<14>Oct  4 04:29:31 ec2: -----BEGIN SSH HOST KEY FINGERPRINTS-----
<14>Oct  4 04:29:31 ec2: 1024 SHA256:qILElf4Tfsvw+M+G0ApGZzcB9AA7jHWPJdE9pqB6x+w root@ubuntu-xenial (DSA)
<14>Oct  4 04:29:31 ec2: 256 SHA256:luVHKA4fDO8UxgQPIxEN7GvtxnVb/hXWHJkJagBtKKM root@ubuntu-xenial (ECDSA)
<14>Oct  4 04:29:31 ec2: 256 SHA256:SZPuwoDtE3votWX+s23rJT7bAgNzlMfBsmmLMj8rCgw root@ubuntu-xenial (ED25519)
<14>Oct  4 04:29:31 ec2: 2048 SHA256:1TVxtQ7cU+ohgkSOi4mqEfvP8h+LkT04LoxpH1wdJNM root@ubuntu-xenial (RSA)
<14>Oct  4 04:29:31 ec2: -----END SSH HOST KEY FINGERPRINTS-----
<14>Oct  4 04:29:31 ec2: #############################################################
-----BEGIN SSH HOST KEY KEYS-----
ecdsa-sha2-nistp256 AAAAE2VjZHNhLXNoYTItbmlzdHAyNTYAAAAIbmlzdHAyNTYAAABBBL03hPrO18H8WHDqcDaUYlHACjgP+GicKqTa0aDUuMBUFsBMe1O7d9lR82RG6CvYqCoj4dZJIVmZ02yfLPHOt4Q= root@ubuntu-xenial
ssh-ed25519 AAAAC3NzaC1lZDI1NTE5AAAAIN4aOfXu/88JJSV6/Tsqw+qxB3w3CU0bcqG6ifMT2XB1 root@ubuntu-xenial
ssh-rsa AAAAB3NzaC1yc2EAAAADAQABAAABAQCoP0o31feJI+mZv9BbIBLkle8jiLdhPpFdu2jgNmg344wZlkYNySW5qIdpFt2aIfENAeqCNAZ7ZJBqYhcuIwf+TaaR0sbqTdWkZrAUxdVkTV4dePX4PRe1fMu5kqG8clni2xK78Veq42+nLe+vFaaWL6gOMDGVE9ytw1LyqXIrFjdtAJXMP5jIDhLn0rAgYqddt7Ke27mgekfmPDXoNwcoG9UrVixAGb1kqg8KXK5ISFHAKbC3ElZNf7CXaIJRaavXU64E1TDxbcbpQN/GnDPR5/4ufxH9pWZkJWvbtPrdGur1QgSJcpCTHtKOBze84f0I7rmcItnEdAT/qeM6G3jP root@ubuntu-xenial
-----END SSH HOST KEY KEYS-----
[   35.460653] cloud-init[1629]: Cloud-init v. 18.3-9-g2e62cb8a-0ubuntu1~16.04.2 running 'modules:final' at Thu, 04 Oct 2018 04:29:31 +0000. Up 35.15 seconds.
[   35.460871] cloud-init[1629]: ci-info: no authorized ssh keys fingerprints found for user ubuntu.
[   35.461019] cloud-init[1629]: Cloud-init v. 18.3-9-g2e62cb8a-0ubuntu1~16.04.2 finished at Thu, 04 Oct 2018 04:29:31 +0000. Datasource DataSourceNoCloud [seed=/dev/sdb][dsmode=net].  Up 35.45 seconds
