[   .00000] Initializing cou susycpuset    00000] Iniaizincgoup ssys cp
[  0000000Intialingcgroup bss cpcc
[  0.000000] inuxerion 4.-137-genericbuldd@lgw01-amd64-037) (gcc version 5.4.0 20160609 (Ubuntu 5.4.0-6ubuntu1~16.04.10) ) #163-Ubuntu P on Sp 2 1:143UTC 2018 (Ubuntu 4.4.0-137.163-generic 4.4.144)
[  0.000000] Command line: BOOT_IMAGE=/boot/vmlinuz-4.4.0-137-eneric rt=ABL=oudi-rootfs ro consol=tty csole=ttyS0
[    0.000] KERNEL supported cpus:
[    0.000000]   Intel GenuineIntel
[    0.000000]   AMD AuthenticAMD
[    0.000000]   Centaur CentaurHauls
[    0.000000] x86/fpu: xstate_offset[2]:  576, xstate_sizes[2]:  256
[    0.000000] x86/fpu: Supporting XSAVE feature 0x01: 'x87 floating point registers'
[    0.000000] x86/fpu: Supporting XSAVE feature 0x02: 'SSE registers'
[    0.000000] x86/fpu: Supporting XSAVE feature 0x04: 'AVX registers'
[    0.000000] x86/fpu: Enabled xstate features 0x7, context size is 832 bes using tadardformat.
[    0.000000] e820: BIOS-provided physical RAM map:
[    0.000000] BIOS-e820: [mem 0x0000000000000000-0x000000000009fbff] usable
[    0.000000] BIOS-e820: [mem 0x000000000009fc00-0x000000000009ffff] reserved
[    0.000000] BIOS-e820: [mem 0x00000000000f0000-00000000000ffff]reserved
[    0.000000] BIOS-e820: [mem 0x0000000000100000-0x000000003fffff] sab
    0.000000] BIOS-82 [mem 0x000000003f0000-x000000fffff]ACPdaa
[  0000000] BIOS-e820: [mem 0x00000000fec00000-0x00000000fec00fff] reserved
[    0.000000] BIOS-e820: [mem 0x00000000fee00000-0x00000000fee00fff] reserved
[    0.000000] BIOS-e820: [mem 0x00000000fffc0000-0x00000000ffffffff] reserved
[    0.000000] NX (Execute Disable) protection: active
[    0.000000] SMBIOS 2.5 present.
[    0.000000] Hypervisor detected: KVM
[    0.000000] e820: last_pfn = 0x3fff0 max_arch_pfn = 0x400000000
[   0000] TRR: Disabled[    0.000000] x86/PATMTRs dabed, iping T initialization too.
[    0000000] CPU MTRRs alllak - vrtalzed stem
[   .0000 x6/PAT: Configuration [0-7]: WB  WT  U- U  B  W U- UC  
[  0.0000 fou SP MP-table at [mem 000fff0x009ff] mapped at [ffff88000009fff0]
[    0.000000] Scanning 1 areas for low memory corruption
[    0.0000 RADISK [m 0x3630a000-0x3717ff]
[   0.000] AI:Earl table checkm erificio disabled
[  0.000000] ACPI: SD0x000000000 000024 (v02 VBOX  
    0.000000] ACPI: XSDT 0x000000003FFF0030 00003C (v01 VBOX   VBOXXSDT 0000001 ASL  00000061)
[    0.000000] ACPI: FACP 0x000000003FFF00F0 0000F4 (v04 OX   VBOXFACP 0000000ASL  00000061)
[    0.00000] ACPI: DSDT 0x000000003FFF0470 0021FF (v02 VBOX   VBOXBIOS 00000002 INTL 20100528)
[    0.000000] ACPI: FACS 0x000000003FFF02000040
  0.000000] ACP FCS0x000000003FF0200 0000
[   .00000ACI: AP 0000000FFF0240 00005C (v0VBOX   VBOXAPIC 00000001 ASL  00000061)
[    0.000000] ACPI: SSDT 0x000000003FFF02A0 0001CC (v01 VBOX   VBOXCPUT 00000002 INTL 20100528)
[    0.000000] No UMA cfiguatiofond
[  000000]Faing aod at em x0000000000000-0x00000000fefff]    00000]OD_DAT(0alloat [memx3feb000-0x3ffeffff]
[    0.000000] kvm-clock: Using msrs 4b564d01 and 4b564d00
[    0.000000]vm-clock: cpu0, msr 0:3ffe31,primary cpu clock
[    0.000000] kvm-clock: using sched offset of 4266350449 cycles
[    0.000000] clocksource: kvm-clock: mask: 0xffffffffffffffff max_cycles: 0x1cd42e4dffb, max_idle_ns: 881590591483 ns
[    0.000000] Zone ranges:
[    0.000000]   DMA      [mem 0x0000000000001000-0x0000000000ffffff]
[    0.000000]   DMA32    [mem 0x0000000001000000-0x000000003ffeffff]
[    0.000000]   Normal   empty
[    0.000000]   Device   empty
[    0.000000] Movable zone start for each node
[    0.000000] Early memory node ranges
[    0.000000]   node   0: [mem 0x0000000000001000-0x000000000009efff]
[    0.000000]   node   0: [mem 0x0000000000100000-0x000000003ffeffff]
[    0.000000] Initmem setup node 0 [mem 0000000000001000-0x000000003ffeffff]
[    0.000000] ACPI: PM-Timer IO Port: 0x4008
[    0.000000] IOAPIC[0]: apic_id 2, version 32, address 0xfec00000, GSI 0-23
[    0.000000] ACPI: INT_SRC_OVR (bus 0 bu_irq gobal_q 2 fl dfl)
[    0.000000]CP: INSRC_OVR (bus0 busirq 9 obalirq 9 low level)
[  0.0000] Uing APIMADT)orSMP coigration informaon
[   .0000] pbootAlowin2 PUs, 0 hotplug CPUs
[    0.000000] PM: Registered nosave memory: [mem 0x000000-0x00000fff]
[    0.000000] PM: Registered nosave memory: [mem 0x0009f000-0x0009ffff]
[    0.000000] PM: Registered nosave memory: [mem 0x000a0000-0x000effff]
[    0.000000] PM: Registered nsaveemor: [m 0x0000000-x00ffff]
[    0.000000] e820: [mem0x40000000-0xfebfffff] available for PCI devices
[  0.000000] Booting paravirtualized kernel on KVM
[    0.000000] clocksource: refined-jiffies: mask: 0xffffffff max_cycles: 0xffffffff, max_idle_ns: 76455196002118 ns
[   0.000000] setup_percpu: NR_CPUS:512r_cpumask_bits:512 nr_cpu_ids:2 nr_node_ids:1
[    0.000000] PERCPU: Embedded 34 pages/cpu @ffff88003fc00000 s99608 r8192 d31464 u1048576
[    0.000000] PV qspinlock hash table entries: 256 (order: 0, 4096 bytes)
[    0.000000] Built 1 zonelists in Node order, mobility grouping on.  Total pages: 257912
[    0.000000] Policy zone: DMA32
[    0.000000] Kernel command line: BOOT_IMAGE=/boot/vmlinuz-4.4.0-137-generic root=LABEL=cloudimg-rootfs ro console=tty1 console=ttyS0
[    0.000000] PID hash table entries: 4096 (order: 3, 32768 bytes)
[    0.000000] Memory: 997708K/1048120K available (8555K kernel code, 1314K rwdata, 4004K rodata, 1528K init, 1316K bss, 50412K reserved, 0K cma-reserved)
[    0.00000] SLUB: HWalign=64, Order=0-3, MinObjects=0, CUs=2, Nods=1
[    0.000000] Kernel/User page tables isolation: enabled
[    0.000000] Hierarchical RCU implementation.
[    0.000000] 	Build-time adjustment of leaf fanout to 64.
[    0.000000] 	RCU restricting CPUs from NR_CPUS=512 to nr_cpu_ids=2.
[    0.000000] RCU: Adjusting geometry for rcu_fanout_leaf=64, nr_cpu_ids=2
[    0.000000] NR_IRQS:33024 nr_irqs:440 16
[    0.000000] Console: colour VGA+ 80x25
[    0.000000] console [tty1] enabled
[    0.000000] console [ttyS0] enabled
[    0.000000] tsc: Detected 1992.004 MHz processor
[    6.821722] Calibrating delay loop (skipped) preset value.. 3984.00 BogoMIPS (lpj=7968016)
[    6.823805] pid_max: default: 32768 minimum: 301
[    6.824846] ACPI: Core revision 20150930
[    6.827439] ACPI: 2 ACPI AML tables successfully acquired and loaded
[    6.828807] Security Framework initialized
[    6.829781] Yama: becoming mindful.
[    6.830561] AppArmor: AppArmor initialized
[    6.831514] Dentry cache hash table entries: 131072 (order: 8, 1048576 bytes)
[    6.835519] Inode-cache hash table entries: 65536 (order: 7, 524288 bytes)
[    6.862945] Mount-cache hash table entries: 2048 (order: 2, 16384 bytes)
[    6.864247] Mountpoint-cache hash table entries: 2048 (order: 2, 16384 bytes)
[    6.865876] Initializing cgroup subsys io
[    6.903691] Initializing cgroup subsys memory
[    6.912184] Initializing cgroup subsys devices
[    6.913186] Initializing cgroup subsys freezer
[    6.914161] Initializing cgroup subsys net_cls
[    6.915113] Initializing cgroup subsys perf_event
[    6.916118] Initializing cgroup subsys net_prio
[    6.921997] Initializing cgroup subsys hugetlb
[    6.922983] Initializing cgroup subsys pids
[    6.976455] mce: CPU supports 0 MCE banks
[    6.984403] Last level iTLB entries: 4KB 64, 2MB 8, 4MB 8
[    6.986381] Last level dTLB entries: 4KB 64, 2MB 0, 4MB 0, 1GB 4
[    6.994338] Spectre V2 : Mitigation: Full generic retpoline
[    6.995460] Spectre V2 : Spectre v2 mitigation: Speculation control IBPB not-supported IBRS not-supported
[    7.000036] Spectre V2 : Spectre v2 / SpectreRSB mitigation: Filling RSB on context switch
[    7.040921] Speculative Store Bypass: Vulnerable
[    7.050984] Freeing SMP alternatives memory: 32K
[    7.106345] ftrace: allocating 32265 entries in 127 pages
[    7.228164] smpboot: APIC(0) Converting physical 0 to logical package 0
[    7.330616] smpboot: Max logical packages: 1
[    7.381793] x2apic enabled
[    7.402948] Switched APIC routing to physical x2apic.
[    7.438923] ..TIMER: vector=0x30 apic1=0 pin1=2 apic2=-1 pin2=-1
[    7.635048] smpboot: CPU0: Intel(R) Core(TM) i7-8550U CPU @ 1.80GHz (family: 0x6, model: 0x8e, stepping: 0xa)
[    7.738304] Performance Events: unsupported p6 CPU model 142 no PMU driver, software events only.
[    7.747117] KVM setup paravirtual spinlock
[    7.748651] x86: Booting SMP configuration:
[    7.749597] .... node  #0, CPUs:      #1
[    7.750609] kvm-clock: cpu 1, msr 0:3ffe3041, secondary cpu clock
[    7.754479] mce: CPU supports 0 MCE banks
[    7.757320] x86: Booted up 1 node, 2 CPUs
[    7.771374] smpboot: Total of 2 processors activated (7968.01 BogoMIPS)
[    7.904522] devtmpfs: initialized
[    7.924148] evm: security.selinux
[    8.017596] evm: security.SMACK64
[    8.044843] evm: security.SMACK64EXEC
[    8.081757] evm: security.SMACK64TRANSMUTE
[    8.180281] evm: security.SMACK64MMAP
[    8.259346] evm: security.ima
[    8.322847] evm: security.capability
[    8.386795] clocksource: jiffies: mask: 0xffffffff max_cycles: 0xffffffff, max_idle_ns: 7645041785100000 ns
[    8.533152] futex hash table entries: 512 (order: 3, 32768 bytes)
[    8.576341] pinctrl core: initialized pinctrl subsystem
[    8.590892] RTC time:  8:04:14, date: 10/07/18
[    8.592148] NET: Registered protocol family 16
[    8.605396] cpuidle: using governor ladder
[    8.669160] cpuidle: using governor menu
[    8.692358] PCCT header not found.
[    8.693338] ACPI: bus type PCI registered
[    8.694195] acpiphp: ACPI Hot Plug PCI Controller Driver version: 0.5
[    8.695560] PCI: Using configuration type 1 for base access
[    8.721287] ACPI: Added _OSI(Module Device)
[    8.771725] ACPI: Added _OSI(Processor Device)
[    8.792288] ACPI: Added _OSI(3.0 _SCP Extensions)
[    8.799479] ACPI: Added _OSI(Processor Aggregator Device)
[    8.801657] ACPI: Executed 1 blocks of module-level executable AML code
[    8.830758] ACPI: Interpreter enabled
[    8.831647] ACPI: (supports S0 S5)
[    8.832458] ACPI: Using IOAPIC for interrupt routing
[    8.833714] PCI: Using host bridge windows from ACPI; if necessary, use "pci=nocrs" and report a bug
[    8.853485] ACPI: PCI Root Bridge [PCI0] (domain 0000 [bus 00-ff])
[    8.854826] acpi PNP0A03:00: _OSC: OS supports [ASPM ClockPM Segments MSI]
[    8.870846] acpi PNP0A03:00: _OSC: not requesting OS control; OS requires [ExtendedConfig ASPM ClockPM MSI]
[    8.872944] acpi PNP0A03:00: fail to add MMCONFIG information, can't access extended PCI configuration space under this bridge.
[    8.875460] PCI host bridge to bus 0000:00
[    8.883169] pci_bus 0000:00: root bus resource [io  0x0000-0x0cf7 window]
[    8.884966] pci_bus 0000:00: root bus resource [io  0x0d00-0xffff window]
[    8.888652] pci_bus 0000:00: root bus resource [mem 0x000a0000-0x000bffff window]
[    8.896809] pci_bus 0000:00: root bus resource [mem 0x40000000-0xfdffffff window]
[    8.905408] pci_bus 0000:00: root bus resource [bus 00-ff]
[    8.921527] pci 0000:00:01.1: legacy IDE quirk: reg 0x10: [io  0x01f0-0x01f7]
[    9.036527] pci 0000:00:01.1: legacy IDE quirk: reg 0x14: [io  0x03f6]
[    9.050601] pci 0000:00:01.1: legacy IDE quirk: reg 0x18: [io  0x0170-0x0177]
[    9.155467] pci 0000:00:01.1: legacy IDE quirk: reg 0x1c: [io  0x0376]
[    9.199145] pci 0000:00:07.0: quirk: [io  0x4000-0x403f] claimed by PIIX4 ACPI
[    9.221019] pci 0000:00:07.0: quirk: [io  0x4100-0x410f] claimed by PIIX4 SMB
[    9.228399] ACPI: PCI Interrupt Link [LNKA] (IRQs 5 9 10 *11)
[    9.250291] ACPI: PCI Interrupt Link [LNKB] (IRQs 5 9 *10 11)
[    9.265299] ACPI: PCI Interrupt Link [LNKC] (IRQs 5 *9 10 11)
[    9.273704] ACPI: PCI Interrupt Link [LNKD] (IRQs 5 9 10 *11)
[    9.275364] ACPI: Enabled 2 GPEs in block 00 to 07
[    9.283692] vgaarb: setting as boot device: PCI:0000:00:02.0
[    9.311025] vgaarb: device added: PCI:0000:00:02.0,decodes=io+mem,owns=io+mem,locks=none
[    9.312813] vgaarb: loaded
[    9.313572] vgaarb: bridge control possible 0000:00:02.0
[    9.314839] SCSI subsystem initialized
[    9.315964] ACPI: bus type USB registered
[    9.370979] usbcore: registered new interface driver usbfs
[    9.372118] usbcore: registered new interface driver hub
[    9.474517] usbcore: registered new device driver usb
[    9.573583] PCI: Using ACPI for IRQ routing
[    9.627046] NetLabel: Initializing
[    9.706687] NetLabel:  domain hash size = 128
[    9.791475] NetLabel:  protocols = UNLABELED CIPSOv4
[    9.864908] NetLabel:  unlabeled traffic allowed by default
[    9.907345] amd_nb: Cannot enumerate AMD northbridges
[    9.914217] clocksource: Switched to clocksource kvm-clock
[    9.928951] AppArmor: AppArmor Filesystem Enabled
[    9.930109] pnp: PnP ACPI init
[    9.931702] pnp: PnP ACPI: found 3 devices
[  944093] clocksrc: pim:as 0xffffff max_cycs:xffff,axdlns205701024s  0.7545] T: Registered protocol family 2

[   11.015077] TCP established hash table entries: 92orer4,55 bytes)
[  1317930] TCP bind hash table entries: 82 rder: 5, 131072 bytes)
[   11.520267] TCP: Hash tables configured (established 8192 bind 8192)
[   11.521525] UDP hash table entries: 512 (order: 2, 163 bes
  1.6415 U-Le sh table entries: 512 (order: 2, 16384 bytes)
[   11.961692] NET: Registered protocol family 1
[   11.962649] pci 00::00:imti decPCPCtrsfs  2.571369] p 00000:.0AcvangSADMA ngorkarounds
[   13.159259] Unpacking initramfs...

[   13.397861] Freeing initrd memory: 14796K
[   13.459435] platform rtc_cmos: registered platform RTC device (no PNP device found)
[   13.635109] Scanning for low memory corruption every 60 seconds
[   13.739208] audit: initializing netlink subsys (disabled)
[   13.838425] audit: type=2000 audit(1538899456.708:1): initialized
[   13.915514] Initialise system trusted keyring
[   13.952757] HugeTLB registered 2 MB page size, pre-allocated 0 pages
[   14.048017] zbud: loaded
[   14.049059] VFS: Disk quotas dquot_6.6.0
[   14.050018] VFS: Dquot-cache hash table entries: 512 (order 0, 4096 bytes)
[   14.119372] squashfs: version 4.0 (2009/01/31) Phillip Lougher
[   14.172102] fuse init (API version 7.23)
[   14.176224] Key type big_key registered
[   14.207972] Allocating IMA MOK and blacklist keyrings.
[   14.233728] Key type asymmetric registered
[   14.241863] Asymmetric key parser 'x509' registered
[   14.242992] Block layer SCSI generic (bsg) driver version 0.4 loaded (major 249)
[   14.268267] io scheduler noop registered
[   14.305340] io scheduler deadline registered (default)
[   14.342837] io scheduler cfq registered
[   14.392229] pci_hotplug: PCI Hot Plug PCI Core version: 0.5
[   14.393370] pciehp: PCI Express Hot Plug Controller Driver version: 0.4
[   14.394813] ACPI: AC Adapter [AC] (on-line)
[   14.395781] input: Power Button as /devices/LNXSYSTM:00/LNXPWRBN:00/input/input0
[   14.411523] ACPI: Power Button [PWRF]
[   14.412410] input: Sleep Button as /devices/LNXSYSTM:00/LNXSLPBN:00/input/input1
[   14.441484] ACPI: Sleep Button [SLPF]
[   14.495605] tsc: Refined TSC clocksource calibration: 1990.745 MHz
[   14.510197] clocksource: tsc: mask: 0xffffffffffffffff max_cycles: 0x39640f239ec, max_idle_ns: 881590544025 ns
[   14.66668GH: STs t abled!

[   14.668508] ACPI: Battery Slot [BAT0] (battery present)
[   15.028766] Serial: 8250/16550 driver, 32 ports, IRQ sharing enabled
[   15.068872] 00:02: ttyS0 at I/O 0x3f8 (irq = 4, base_baud = 115200) is a 16550A
[   15.126767] Linux agpgart interface v0.103
[   15.129422] loop: module loaded
[   15.144590] scsi host0: ata_piix
[   15.197417] scsi host1: ata_piix
[   15.221117] ata1: PATA max UDMA/33 cmd 0x1f0 ctl 0x3f6 bmdma 0xd000 irq 14
[   15.246157] ata2: PATA max UDMA/33 cmd 0x170 ctl 0x376 bmdma 0xd008 irq 15
[   15.255430] libphy: Fixed MDIO Bus: probed
[   15.262754] tun: Universal TUN/TAP device driver, 1.6
[   15.292867] tun: (C) 1999-2004 Max Krasnyansky <maxk@qualcomm.com>
[   15.336291] PPP generic driver version 2.4.2
[   15.346640] ehci_hcd: USB 2.0 'Enhanced' Host Controller (EHCI) Driver
[   15.410790] ehci-pci: EHCI PCI platform driver
[   15.428826] ehci-platform: EHCI generic platform driver
[   15.445573] ohci_hcd: USB 1.1 'Open' Host Controller (OHCI) Driver
[   15.474898] ohci-pci: OHCI PCI platform driver
[   15.482454] ohci-platform: OHCI generic platform driver
[   15.549400] uhci_hcd: USB Universal Host Controller Interface driver
[   15.573635] i8042: PNP: PS/2 Controller [PNP0303:PS2K,PNP0f03:PS2M] at 0x60,0x64 irq 1,12
[   15.615528] serio: i8042 KBD port at 0x60,0x64 irq 1
[   15.639777] serio: i8042 AUX port at 0x60,0x64 irq 12
[   15.661338] mousedev: PS/2 mouse device common for all mice
[   15.689185] rtc_cmos rtc_cmos: rtc core: registered rtc_cmos as rtc0
[   15.733475] input: AT Translated Set 2 keyboard as /devices/platform/i8042/serio0/input/input2
[   15.748656] rtc_cmos rtc_cmos: alarms up to one day, 114 bytes nvram
[   15.758659] i2c /dev entries driver
[   15.787580] device-mapper: uevent: version 1.0.3
[   15.822036] device-mapper: ioctl: 4.34.0-ioctl (2015-10-28) initialised: dm-devel@redhat.com
[   15.857396] ledtrig-cpu: registered to indicate activity on CPUs
[   15.939043] NET: Registered protocol family 10
[   15.962164] NET: Registered protocol family 17
[   15.991102] Key type dns_resolver registered
[   16.040162] registered taskstats version 1
[   16.047811] Loading compiled-in X.509 certificates
[   16.049333] Loaded X.509 cert 'Build time autogenerated kernel key: 20acc96b50ca7641011eace69d32209215a9b56f'
[   16.210750] zswap: loaded using pool lzo/zbud
[   16.314025] Key type trusted registered
[   16.345138] Key type encrypted registered
[   16.372578] AppArmor: AppArmor sha1 policy hashing enabled
[   16.382093] ima: No TPM chip found, activating TPM-bypass!
[   16.407829] ima: Allocated hash algorithm: sha1
[   16.408844] evm: HMAC attrs: 0x1
[   16.409949]   Magic number: 6:908:67
[   16.410925] rtc_cmos rtc_cmos: setting system clock to 2018-10-07 08:04:22 UTC (1538899462)
[   16.420030] BIOS EDD facility v0.16 2004-Jun-25, 0 devices found
[   16.428510] EDD information not available.
[   16.430712] Freeing unused kernel memory: 1528K
[   16.510959] Write protecting the kernel read-only data: 14336k
[   16.522274] Freeing unused kernel memory: 1672K
[   16.589459] Freeing unused kernel memory: 92K
Loading, please wait...
starting version 229
[   16.675373] random: systemd-udevd: uninitialized urandom read (16 bytes read, 5 bits of entropy available)
[   16.676086] random: udevadm: uninitialized urandom read (16 bytes read, 5 bits of entropy available)
[   16.676107] random: udevadm: uninitialized urandom read (16 bytes read, 5 bits of entropy available)
[   16.684254] random: udevadm: uninitialized urandom read (16 bytes read, 5 bits of entropy available)
[   16.684346] random: udevadm: uninitialized urandom read (16 bytes read, 5 bits of entropy available)
[   16.684645] random: udevadm: uninitialized urandom read (16 bytes read, 5 bits of entropy available)
[   16.684785] random: udevadm: uninitialized urandom read (16 bytes read, 5 bits of entropy available)
[   16.684955] random: udevadm: uninitialized urandom read (16 bytes read, 5 bits of entropy available)
[   16.685095] random: udevadm: uninitialized urandom read (16 bytes read, 5 bits of entropy available)
[   16.685258] random: udevadm: uninitialized urandom read (16 bytes read, 5 bits of entropy available)
[   17.520314] Fusion MPT base driver 3.04.20
[   17.585103] Copyright (c) 1999-2008 LSI Corporation
[   17.657985] e1000: Intel(R) PRO/1000 Network Driver - version 7.3.21-k8-NAPI
[   17.754811] e1000: Copyright (c) 1999-2006 Intel Corporation.
[   17.839299] AVX2 version of gcm_enc/dec engaged.
[   17.859433] AES CTR mode by8 optimization enabled
[   17.877716] Fusion MPT SPI Host driver 3.04.20
[   18.060931] input: ImExPS/2 Generic Explorer Mouse as /devices/platform/i8042/serio1/input/input4
[   18.285266] e1000 0000:00:03.0 eth0: (PCI:33MHz:32-bit) 02:e1:e1:d1:e4:77
[   19.245079] e1000 0000:00:03.0 eth0: Intel(R) PRO/1000 Network Connection
[   19.334480] mptbase: ioc0: Initiating bringup
[   19.434314] e1000 0000:00:03.0 enp0s3: renamed from eth0
[   19.574827] ioc0: LSI53C1030 A0: Capabilities={Initiator}
[   19.810199] scsi host2: ioc0: LSI53C1030 A0, FwRev=00000000h, Ports=1, MaxQ=256, IRQ=20
[   19.963324] scsi 2:0:0:0: Direct-Access     VBOX     HARDDISK         1.0  PQ: 0 ANSI: 5
[   20.047479] scsi target2:0:0: Beginning Domain Validation
[   20.089404] scsi target2:0:0: Domain Validation skipping write tests
[   20.172954] scsi target2:0:0: Ending Domain Validation
[   20.255938] scsi target2:0:0: asynchronous
[   20.301474] scsi 2:0:1:0: Direct-Access     VBOX     HARDDISK         1.0  PQ: 0 ANSI: 5
[   20.450464] scsi target2:0:1: Beginning Domain Validation
[   20.547557] scsi target2:0:1: Domain Validation skipping write tests
[   20.548815] scsi target2:0:1: Ending Domain Validation
[   20.562571] scsi target2:0:1: asynchronous
[   20.573582] sd 2:0:0:0: Attached scsi generic sg0 type 0
[   20.581721] sd 2:0:0:0: [sda] 20971520 512-byte logical blocks: (10.7 GB/10.0 GiB)
[   20.584977] sd 2:0:1:0: [sdb] 20480 512-byte logical blocks: (10.5 MB/10.0 MiB)
[   20.585462] sd 2:0:1:0: [sdb] Write Protect is off
[   20.585745] sd 2:0:1:0: [sdb] Incomplete mode parameter data
[   20.585746] sd 2:0:1:0: [sdb] Assuming drive cache: write through
[   20.618984] sd 2:0:1:0: Attached scsi generic sg1 type 0
[   20.622535] sd 2:0:1:0: [sdb] Attached SCSI disk
[   20.737509] sd 2:0:0:0: [sda] Write Protect is off
[   20.744986] sd 2:0:0:0: [sda] Incomplete mode parameter data
[   20.752289] sd 2:0:0:0: [sda] Assuming drive cache: write through
[   20.756172]  sda: sda1
[   20.758051] sd 2:0:0:0: [sda] Attached SCSI disk
Begin: Loading e[   22.239863] md: linear personality registered for level -1
ssential drivers ... [   22.282295] md: multipath personality registered for level -4
[   22.305678] md: raid0 personality registered for level 0
[   22.342323] md: raid1 personality registered for level 1
[   22.426805] raid6: sse2x1   gen()  9640 MB/s
[   22.522423] raid6: sse2x1   xor()  8860 MB/s
[   22.658231] raid6: sse2x2   gen() 13499 MB/s
[   22.822985] raid6: sse2x2   xor() 10073 MB/s
[   22.922794] raid6: sse2x4   gen() 14546 MB/s
[   22.990225] raid6: sse2x4   xor()  9709 MB/s
[   23.102381] raid6: avx2x1   gen() 20115 MB/s
[   23.258262] raid6: avx2x2   gen() 23858 MB/s
[   23.374231] raid6: avx2x4   gen() 25695 MB/s
[   23.462905] raid6: using algorithm avx2x4 gen() 25695 MB/s
[   23.566065] raid6: using avx2x2 recovery algorithm
[   23.649312] xor: automatically using best checksumming function:
[   23.734447]    avx       : 25810.000 MB/sec
[   23.819183] async_tx: api initialized (async)
[   23.844139] md: raid6 personality registered for level 6
[   23.922935] md: raid5 personality registered for level 5
[   23.944284] md: raid4 personality registered for level 4
[   23.951118] md: raid10 personality registered for level 10
done.
Begin: Running /scripts/init-premount ... done.
Begin: Mounting root file system ... Begin: Running /scripts/local-top ... done.
Begin: Running /scripts/local-premount ... [   24.020859] Btrfs loaded
Scanning for Btrfs filesystems
done.
Warning: fsck not present, so skipping root file system
[   24.118204] EXT4-fs (sda1): mounted filesystem with ordered data mode. Opts: (null)
done.
Begin: Running /scripts/local-bottom ... done.
Begin: Running /scripts/init-bottom ... done.
[   24.804039] systemd[1]: systemd 229 running in system mode. (+PAM +AUDIT +SELINUX +IMA +APPARMOR +SMACK +SYSVINIT +UTMP +LIBCRYPTSETUP +GCRYPT +GNUTLS +ACL +XZ -LZ4 +SECCOMP +BLKID +ELFUTILS +KMOD -IDN)
[   25.064938] systemd[1]: Detected virtualization oracle.
[   25.066605] systemd[1]: Detected architecture x86-64.

Welcome to [1mUbuntu 16.04.5 LTS[0m!

[   25.172321] systemd[1]: Set hostname to <jenkins>.
[   25.353045] random: nonblocking pool is initialized
[   25.995625] systemd[1]: Listening on LVM2 metadata daemon socket.
[[0;32m  OK  [0m] Listening on LVM2 metadata daemon socket.
[   26.007527] systemd[1]: Listening on Journal Socket.
[[0;32m  OK  [0m] Listening on Journal Socket.
[   26.099149] systemd[1]: Listening on udev Control Socket.
[[0;32m  OK  [0m] Listening on udev Control Socket.
[   26.190535] systemd[1]: Reached target System Time Synchronized.
[[0;32m  OK  [0m] Reached target System Time Synchronized.
[   26.407926] systemd[1]: Created slice User and Session Slice.
[[0;32m  OK  [0m] Created slice User and Session Slice.
[   26.503239] systemd[1]: Set up automount Arbitrary Executable File Formats File System Automount Point.
[[0;32m  OK  [0m] Set up automount Arbitrary Executab...ats File System Automount Point.
[   26.514259] systemd[1]: Listening on LVM2 poll daemon socket.
[[0;32m  OK  [0m] Listening on LVM2 poll daemon socket.
[   26.531233] systemd[1]: Reached target Swap.
[[0;32m  OK  [0m] Reached target Swap.
[   26.562709] systemd[1]: Reached target Encrypted Volumes.
[[0;32m  OK  [0m] Reached target Encrypted Volumes.
[   26.579748] systemd[1]: Created slice System Slice.
[[0;32m  OK  [0m] Created slice System Slice.
[   26.618904] systemd[1]: Mounting POSIX Message Queue File System...
         Mounting POSIX Message Queue File System...
[   26.786684] systemd[1]: Starting Set console keymap...
         Starting Set console keymap...
[   26.803126] systemd[1]: Mounting Huge Pages File System...
         Mounting Huge Pages File System...
[   26.846396] systemd[1]: Starting Create list of required static device nodes for the current kernel...
         Starting Create list of required st... nodes for the current kernel...
[   27.075031] systemd[1]: Starting Load Kernel Modules...
[   2748622] Loading iSCSI tnsrtla v0-0.
         Starting Load Kernel Modules...
[   27.615123] systemd[1]: Starting Uncomplicated firewall...
         Starting Uncomplicated [   27.679921] iscsi: registered transport (tcp)
firewall...
[   27.762351] systemd[1]: Starting Nameserver information manager...
         Starting Nameserver information manager...
[   27.876681] systemd[1]: Created slice system-serial\x2dgetty.slice.
[[0;32m  OK  [[   27.955057] iscsi: registered transport (iser)
0m] Created slice system-serial\x2dgetty.slice.
[   28.046446] systemd[1]: Starting Remount Root and Kernel File Systems...
[   28.065998] EXT4-fs (sda1): re-mounted. Opts: (null)
         Starting Remount Root and Kernel File Systems...
[   28.231081] systemd[1]: Listening on Journal Audit Socket.
[[0;32m  OK  [0m] Listening on Journal Audit Socket.
[   28.354933] systemd[1]: Reached target User and Group Name Lookups.
[[0;32m  OK  [0m] Reached target User and Group Name Lookups.
[   28.511556] systemd[1]: Listening on udev Kernel Socket.
[[0;32m  OK  [0m] Listening on udev Kernel Socket.
[   28.646662] systemd[1]: Listening on Syslog Socket.
[[0;32m  OK  [0m] Listening on Syslog Socket.
[   28.812066] systemd[1]: Started Forward Password Requests to Wall Directory Watch.
[[0;32m  OK  [0m] Started Forward Password Requests to Wall Directory Watch.
[   28.902432] systemd[1]: Reached target Slices.
[[0;32m  OK  [0m] Reached target Slices.
[   29.018789] systemd[1]: Listening on Device-mapper event daemon FIFOs.
[[0;32m  OK  [0m] Listening on Device-mapper event daemon FIFOs.
[   29.071775] systemd[1]: Starting Monitoring of LVM2 mirrors, snapshots etc. using dmeventd or progress polling...
         Starting Monitoring of LVM2 mirrors... dmeventd or progress polling...
[   29.316696] systemd[1]: Listening on Journal Socket (/dev/log).
[[0;32m  OK  [0m] Listening on Journal Socket (/dev/log).
[   29.423134] systemd[1]: Starting Journal Service...
         Starting Journal Service...
[   29.425575] systemd[1]: Started Trigger resolvconf update for networkd DNS.
[[0;32m  OK  [0m] Started Trigger resolvconf update for networkd DNS.
[   29.587066] systemd[1]: Listening on /dev/initctl Compatibility Named Pipe.
[[0;32m  OK  [0m] Listening on /dev/initctl Compatibility Named Pipe.
[   29.806432] systemd[1]: Mounting Debug File System...
         Mounting Debug File System...
[   29.930426] systemd[1]: Mounted Debug File System.
[[0;32m  OK  [0m] Mounted Debug File System.
[   30.019427] systemd[1]: Mounted Huge Pages File System.
[[0;32m  OK  [0m] Mounted Huge Pages File System.
[   30.084132] systemd[1]: Mounted POSIX Message Queue File System.
[[0;32m  OK  [0m] Mounted POSIX Message Queue File System.
[   30.263168] systemd[1]: Started Journal Service.
[[0;32m  OK  [0m] Started Journal Service.
[[0;32m  OK  [0m] Started Set console keymap.
[[0;32m  OK  [0m] Started Create list of required sta...ce nodes for the current kernel.
[[0;32m  OK  [0m] Started Load Kernel Modules.
[[0;32m  OK  [0m] Started Uncomplicated firewall.
[[0;32m  OK  [0m] Started Remount Root and Kernel File Systems.
[[0;32m  OK  [0m] Started Nameserver information manager.
[[0;32m  OK  [0m] Started LVM2 metadata daemon.
         Starting udev Coldplug all Devices...
         Starting Load/Save Random Seed...
         Starting Apply Kernel Variables...
         Mounting FUSE Control File System...
         Starting Create Static Device Nodes in /dev...
         Starting Flush Journal to Persistent Storage...
[[0;32m  OK  [0m] Mounted FUSE Control File System.
[[0;32m  OK  [0m] Started Monitoring of LVM2 mirrors,...ng dmeventd or progress polling.
[[0;32m  OK  [0m] Started Load/Save Random Seed.
[[0;32m  OK  [0m] Started Apply Kernel Variables.
[[0;32m  OK  [0m] Started Create Static Device Nodes in /dev.
[[0;32m  OK  [0m] Started udev Coldplug all Devices.
[[0;32m  OK  [0m] Started Flush Journal to Persistent Storage.
         Starting udev Kernel Device Manager...
[[0;32m  OK  [0m] Started udev Kernel Device Manager.
[[0;32m  OK  [0m] Reached target Local File Systems (Pre).
[[0;32m  OK  [0m] Reached target Local File Systems.
         Starting Create Volatile Files and Directories...
         Starting Set console font and keymap...
         Starting Initial cloud-init job (pre-networking)...
         Starting Tell Plymouth To Write Out Runtime Data...
         Starting LSB: AppArmor initialization...
[[0;32m  OK  [0m] Started Dispatch Password Requests to Console Directory Watch.
[[0;32m  OK  [0m] Started Create Volatile Files and Directories.
[[0;32m  OK  [0m] Started Tell Plymouth To Write Out Runtime Data.
[[0;32m  OK  [0m] Found device /dev/ttyS0.
[[0;32m  OK  [0m] Listening on Load/Save RF Kill Switch Status /dev/rfkill Watch.
         Starting Update UTMP about System Boot/Shutdown...
[[0;32m  OK  [0m] Started Set console font and keymap.
[[0;32m  OK  [0m] Created slice system-getty.slice.
[[0;32m  OK  [0m] Started Update UTMP about System Boot/Shutdown.
[[0;32m  OK  [0m] Started LSB: AppArmor initialization.
[   25.993180] cloud-init[491]: Cloud-init v. 18.3-9-g2e62cb8a-0ubuntu1~16.04.2 running 'init-local' at Sun, 07 Oct 2018 08:04:40 +0000. Up 25.44 seconds.
[[0;32m  OK  [0m] Started Initial cloud-init job (pre-networking).
[[0;32m  OK  [0m] Reached target Network (Pre).
[[0;32m  OK  [0m] Started ifup for enp0s3.
         Starting Raise network interfaces...
[[0;32m  OK  [0m] Started Raise network interfaces.
         Starting Initial cloud-init job (metadata service crawler)...
[[0;32m  OK  [0m] Reached target Network.
[   27.588112] cloud-init[951]: Cloud-init v. 18.3-9-g2e62cb8a-0ubuntu1~16.04.2 running 'init' at Sun, 07 Oct 2018 08:04:42 +0000. Up 26.87 seconds.
[   27.603527] cloud-init[951]: ci-info: ++++++++++++++++++++++++++++++++++++++Net device info++++++++++++++++++++++++++++++++++++++
[   27.669511] [cloud-init[0;32m  OK  [0m[951]: ] ci-info: +--------+------+----------------------------+---------------+--------+-------------------+Started Initial cloud-init job (metadata service crawler).

[   27.670152] cloud-init[951]: ci-info: | Device |  Up  |          Address           |      Mask     | Scope  |     Hw-Address    |
[   28.008543] [cloud-init[0;32m  OK  [0m[951]: ] ci-info: +--------+------+----------------------------+---------------+--------+-------------------+Reached target Network is Online.

[   28.198005]          cloud-initStarting iSCSI initiator daemon (iscsid)...[951]: 
ci-info: | enp0s3 | True |         10.0.2.15          | 255.255.255.0 | global | 02:e1:e1:d1:e4:77 |
[   28.333190] [cloud-init[0;32m  OK  [0m[951]: ] ci-info: | enp0s3 | True | fe80::e1:e1ff:fed1:e477/64 |       .       |  link  | 02:e1:e1:d1:e4:77 |Reached target System Initialization.

[   28.435256] cloud-init[951]: ci-info: |   lo   | True |         127.0.0.1          |   255.0.0.0   |  host  |         .         |
[[0;32m  OK  [0m] Started Daily apt download activities.
[   28.436250] [cloud-init[0;32m  OK  [0m[951]: ] ci-info: |   lo   | True |          ::1/128           |       .       |  host  |         .         |Started Daily Cleanup of Temporary Directories.

[[0;32m  OK  [0m] Started Daily apt upgrade and clean activities.
[   28.554262] cloud-init[951]: ci-info: +--------+------+----------------------------+---------------+--------+-------------------+
         Starting Socket activation for snappy daemon.
[[0;32m  OK  [0m] Listening on ACPID Listen Socket.
[   28.613849] cloud-init[951]: ci-info: +++++++++++++++++++++++++++Route IPv4 info++++++++++++++++++++++++++++
[   28.706360] [cloud-init[0;32m  OK  [0m[951]: ] ci-info: +-------+-------------+----------+---------------+-----------+-------+Started ACPI Events Check.

[   28.707297] cloud-init[951]: ci-info: | Route | Destination | Gateway  |    Genmask    | Interface | Flags |
[[0;32m  OK  [0m] Reached target Paths.
[   28.840453] [cloud-init[0;32m  OK  [0m[951]: ] ci-info: +-------+-------------+----------+---------------+-----------+-------+Reached target Timers.

[   29.224706] [cloud-init[0;32m  OK  [0m[951]: ] ci-info: |   0   |   0.0.0.0   | 10.0.2.2 |    0.0.0.0    |   enp0s3  |   UG  |Listening on D-Bus System Message Bus Socket.

[   29.225561] cloud-init[951]: ci-info: |   1   |   10.0.2.0  | 0.0.0.0  | 255.255.255.0 |   enp0s3  |   U   |
[   29.494679]          cloud-initStarting LXD - unix socket.[951]: 
ci-info: +-------+-------------+----------+---------------+-----------+-------+
[   29.608993] [cloud-init[0;32m  OK  [0m[951]: ] ci-info: +++++++++++++++++++Route IPv6 info+++++++++++++++++++Listening on UUID daemon activation socket.

[   29.778753] [[0;32m  OK  [0m] Reached target Cloud-config availability.
cloud-init[951]: ci-info: +-------+-------------+---------+-----------+-------+
[   29.782476] cloud-init[951]: ci-info: | Route | Destination | Gateway | Interface | Flags |
[   29.808909] [[0;32m  OK  [0m] Listening on Socket activation for snappy daemon.
cloud-init[951]: ci-info: +-------+-------------+---------+-----------+-------+
[   29.837301] [cloud-init[0;32m  OK  [0m[951]: ] ci-info: |   0   |  fe80::/64  |    ::   |   enp0s3  |   U   |Listening on LXD - unix socket.

[[0;32m  OK  [0m] Started iSCSI initiator daemon (iscsid).
[   29.837930] cloud-init[951]: ci-info: |   3   |   ff00::/8  |    ::   |   enp0s3  |   U   |
[   30.108320]          cloud-initStarting Login to default iSCSI targets...[951]: 
ci-info: +-------+-------------+---------+-----------+-------+
[[0;32m  OK  [0m] Reached target Sockets.
[[0;32m  OK  [0m] Reached target Basic System.
[[0;32m  OK  [0m] Started Deferred execution scheduler.
         Starting System Logging Service...
[[0;32m  OK  [0m] Started FUSE filesystem for LXC.
         Starting /etc/rc.local Compatibility...
[[0;32m  OK  [0m] Started ACPI event daemon.
         Starting Login Service...
         Starting OpenBSD Secure Shell server...
[[0;32m  OK  [0m] Started D-Bus System Message Bus.
[[0;32m  OK  [0m] Started Unattended Upgrades Shutdown.
         Starting LSB: MD monitoring daemon...
         Starting Accounts Service...
[[0;32m  OK  [0m] Started Regular background program processing daemon.
         Starting LSB: Record successful boot for GRUB...
         Starting The Salt Minion...
         Starting Virtualbox guest utils...
         Starting LXD - container startup/shutdown...
         Starting Snappy daemon...
[[0;32m  OK  [0m] Started System Logging Service.
[[0;32m  OK  [0m] Started OpenBSD Secure Shell server.
[[0;32m  OK  [0m] Started /etc/rc.local Compatibility.
[[0;32m  OK  [0m] Started LSB: MD monitoring daemon.
[[0;32m  OK  [0m] Started Login to default iSCSI targets.
[[0;32m  OK  [0m] Started LSB: Record successful boot for GRUB.
[[0;32m  OK  [0m] Started Login Service.
[[0;32m  OK  [0m] Reached target Remote File Systems (Pre).
[[0;32m  OK  [0m] Reached target Remote File Systems.
         Starting LSB: automatic crash report generation...
         Starting LSB: Set the CPU Frequency Scaling governor to "ondemand"...
         Starting LSB: Start Jenkins at boot time...
         Starting LSB: daemon to balance interrupts for SMP systems...
         Starting Permit User Sessions...
         Starting Authenticate and Authorize Users to Run Privileged Tasks...
[[0;32m  OK  [0m] Started LSB: Set the CPU Frequency Scaling governor to "ondemand".
[[0;32m  OK  [0m] Started LSB: automatic crash report generation.
[[0;32m  OK  [0m] Started Virtualbox guest utils.
[[0;32m  OK  [0m] Started Permit User Sessions.
         Starting Terminate Plymouth Boot Screen...
         Starting Hold until boot process finishes up...
[[0;32m  OK  [0m] Started Terminate Plymouth Boot Screen.
[[0;32m  OK  [0m] Started Hold until boot process finishes up.
         Starting Set console scheme...
[[0;32m  OK  [0m] Started Serial Getty on ttyS0.
[[0;32m  OK  [0m] Started Getty on tty1.
[[0;32m  OK  [0m] Reached target Login Prompts.
[[0;32m  OK  [0m] Started LSB: daemon to balance interrupts for SMP systems.
[[0;32m  OK  [0m] Started Set console scheme.
[[0;32m  OK  [0m] Started Authenticate and Authorize Users to Run Privileged Tasks.
[[0;32m  OK  [0m] Started Accounts Service.
[[0;32m  OK  [0m] Started Snappy daemon.
         Starting Wait until snapd is fully seeded...
[[0;32m  OK  [0m] Started LXD - container startup/shutdown.
[[0;32m  OK  [0m] Started Wait until snapd is fully seeded.
[[0;32m  OK  [0m] Created slice User Slice of vagrant.
         Starting User Manager for UID 1000...
[[0;32m  OK  [0m] Started Session 1 of user vagrant.
         Starting Apply the settings specified in cloud-config...
[[0;32m  OK  [0m] Started User Manager for UID 1000.
[[0;32m  OK  [0m] Started The Salt Minion.
[   34.772171] cloud-init[1201]: Cloud-init v. 18.3-9-g2e62cb8a-0ubuntu1~16.04.2 running 'modules:config' at Sun, 07 Oct 2018 08:04:50 +0000. Up 34.48 seconds.
[[0;32m  OK  [0m] Started Apply the settings specified in cloud-config.
[[0;32m  OK  [0m] Created slice User Slice of jenkins.
         Starting User Manager for UID 112...
[[0;32m  OK  [0m] Started Session c1 of user jenkins.
[[0;32m  OK  [0m] Started User Manager for UID 112.
[[0;32m  OK  [0m] Started LSB: Start Jenkins at boot time.
[[0;32m  OK  [0m] Reached target Multi-User System.
         Starting Execute cloud user/final scripts...
[[0;32m  OK  [0m] Reached target Graphical Interface.
         Starting Update UTMP about System Runlevel Changes...
[[0;32m  OK  [0m] Started Update UTMP about System Runlevel Changes.
[   37.803615] cloud-init[1405]: Cloud-init v. 18.3-9-g2e62cb8a-0ubuntu1~16.04.2 running 'modules:final' at Sun, 07 Oct 2018 08:04:52 +0000. Up 37.31 seconds.
[   37.803798] cloud-init[1405]: Cloud-init v. 18.3-9-g2e62cb8a-0ubuntu1~16.04.2 finished at Sun, 07 Oct 2018 08:04:53 +0000. Datasource DataSourceNoCloud [seed=/dev/sdb][dsmode=net].  Up 37.79 seconds

Ubuntu 16.04.5 LTS jenkins ttyS0

jenkins login: 